TpTrace Verbose: 0 : 22124, 1, 2022/04/26, 14:52:17.837, 7796173842397, vstest.console.dll, Version: 17.1.0-release-20220113-05
TpTrace Information: 0 : 22124, 1, 2022/04/26, 14:52:17.873, 7796174103307, vstest.console.dll, FilePatternParser: The given file E:\Anul 4\Work-internship\ComplexFoodProjectStructureBE\ProjectStructure.MSTests\bin\Debug\net6.0\fine-code-coverage\build-output\ProjectStructure.MSTests.dll is a full path.
TpTrace Verbose: 0 : 22124, 1, 2022/04/26, 14:52:17.895, 7796174324135, vstest.console.dll, TestPluginCache.DiscoverTestExtensions: finding test extensions in assemblies ends with: RuntimeProvider.dll TPluginInfo: Microsoft.VisualStudio.TestPlatform.Common.ExtensionFramework.Utilities.TestRuntimePluginInformation TExtension: Microsoft.VisualStudio.TestPlatform.ObjectModel.Host.ITestRuntimeProvider
TpTrace Verbose: 0 : 22124, 1, 2022/04/26, 14:52:17.937, 7796174741364, vstest.console.dll, TestPluginCache.GetExtensionPaths: Filtered extension paths: 
TpTrace Verbose: 0 : 22124, 1, 2022/04/26, 14:52:17.937, 7796174744130, vstest.console.dll, TestPluginCache.GetExtensionPaths: Added default extension paths: C:\Program Files\dotnet\sdk\6.0.202\Extensions\DumpMinitool.exe
C:\Program Files\dotnet\sdk\6.0.202\Extensions\DumpMinitool.x86.exe
C:\Program Files\dotnet\sdk\6.0.202\Extensions\Microsoft.Diagnostics.NETCore.Client.dll
C:\Program Files\dotnet\sdk\6.0.202\Extensions\Microsoft.TestPlatform.Extensions.BlameDataCollector.dll
C:\Program Files\dotnet\sdk\6.0.202\Extensions\Microsoft.TestPlatform.Extensions.EventLogCollector.dll
C:\Program Files\dotnet\sdk\6.0.202\Extensions\Microsoft.TestPlatform.TestHostRuntimeProvider.dll
C:\Program Files\dotnet\sdk\6.0.202\Extensions\Microsoft.VisualStudio.TestPlatform.Extensions.Html.TestLogger.dll
C:\Program Files\dotnet\sdk\6.0.202\Extensions\Microsoft.VisualStudio.TestPlatform.Extensions.Trx.TestLogger.dll
TpTrace Verbose: 0 : 22124, 1, 2022/04/26, 14:52:17.937, 7796174744948, vstest.console.dll, TestPluginCache.GetExtensionPaths: Added unfilterableExtensionPaths: 
TpTrace Information: 0 : 22124, 1, 2022/04/26, 14:52:17.939, 7796174764514, vstest.console.dll, AssemblyResolver.ctor: Creating AssemblyResolver with searchDirectories C:\Program Files\dotnet\sdk\6.0.202\Extensions,C:\Program Files\dotnet\sdk\6.0.202
TpTrace Verbose: 0 : 22124, 1, 2022/04/26, 14:52:17.941, 7796174788150, vstest.console.dll, TestPluginCache.DiscoverTestExtensions: Discovering the extensions using extension path.
TpTrace Verbose: 0 : 22124, 1, 2022/04/26, 14:52:17.942, 7796174793419, vstest.console.dll, TestPluginCache.GetExtensionPaths: Filtered extension paths: 
TpTrace Verbose: 0 : 22124, 1, 2022/04/26, 14:52:17.942, 7796174795293, vstest.console.dll, TestPluginCache.GetExtensionPaths: Added default extension paths: C:\Program Files\dotnet\sdk\6.0.202\Extensions\DumpMinitool.exe
C:\Program Files\dotnet\sdk\6.0.202\Extensions\DumpMinitool.x86.exe
C:\Program Files\dotnet\sdk\6.0.202\Extensions\Microsoft.Diagnostics.NETCore.Client.dll
C:\Program Files\dotnet\sdk\6.0.202\Extensions\Microsoft.TestPlatform.Extensions.BlameDataCollector.dll
C:\Program Files\dotnet\sdk\6.0.202\Extensions\Microsoft.TestPlatform.Extensions.EventLogCollector.dll
C:\Program Files\dotnet\sdk\6.0.202\Extensions\Microsoft.TestPlatform.TestHostRuntimeProvider.dll
C:\Program Files\dotnet\sdk\6.0.202\Extensions\Microsoft.VisualStudio.TestPlatform.Extensions.Html.TestLogger.dll
C:\Program Files\dotnet\sdk\6.0.202\Extensions\Microsoft.VisualStudio.TestPlatform.Extensions.Trx.TestLogger.dll
TpTrace Verbose: 0 : 22124, 1, 2022/04/26, 14:52:17.942, 7796174796784, vstest.console.dll, TestPluginCache.GetExtensionPaths: Added unfilterableExtensionPaths: 
TpTrace Verbose: 0 : 22124, 1, 2022/04/26, 14:52:17.943, 7796174801006, vstest.console.dll, TestPluginCache.DiscoverTestExtensions: Discovering the extensions using allExtensionPaths: C:\Program Files\dotnet\sdk\6.0.202\Extensions\DumpMinitool.exe
C:\Program Files\dotnet\sdk\6.0.202\Extensions\DumpMinitool.x86.exe
C:\Program Files\dotnet\sdk\6.0.202\Extensions\Microsoft.Diagnostics.NETCore.Client.dll
C:\Program Files\dotnet\sdk\6.0.202\Extensions\Microsoft.TestPlatform.Extensions.BlameDataCollector.dll
C:\Program Files\dotnet\sdk\6.0.202\Extensions\Microsoft.TestPlatform.Extensions.EventLogCollector.dll
C:\Program Files\dotnet\sdk\6.0.202\Extensions\Microsoft.TestPlatform.TestHostRuntimeProvider.dll
C:\Program Files\dotnet\sdk\6.0.202\Extensions\Microsoft.VisualStudio.TestPlatform.Extensions.Html.TestLogger.dll
C:\Program Files\dotnet\sdk\6.0.202\Extensions\Microsoft.VisualStudio.TestPlatform.Extensions.Trx.TestLogger.dll
TpTrace Information: 0 : 22124, 1, 2022/04/26, 14:52:17.944, 7796174812903, vstest.console.dll, AssemblyResolver.AddSearchDirectories: Adding more searchDirectories C:\Program Files\dotnet\sdk\6.0.202\Extensions,C:\Program Files\dotnet\sdk\6.0.202
TpTrace Information: 0 : 22124, 1, 2022/04/26, 14:52:17.944, 7796174815765, vstest.console.dll, AssemblyResolver.AddSearchDirectories: Adding more searchDirectories C:\Program Files\dotnet\sdk\6.0.202\Extensions,C:\Program Files\dotnet\sdk\6.0.202
TpTrace Information: 0 : 22124, 1, 2022/04/26, 14:52:17.944, 7796174817109, vstest.console.dll, AssemblyResolver.AddSearchDirectories: Adding more searchDirectories C:\Program Files\dotnet\sdk\6.0.202\Extensions,C:\Program Files\dotnet\sdk\6.0.202
TpTrace Information: 0 : 22124, 1, 2022/04/26, 14:52:17.944, 7796174818078, vstest.console.dll, AssemblyResolver.AddSearchDirectories: Adding more searchDirectories C:\Program Files\dotnet\sdk\6.0.202\Extensions,C:\Program Files\dotnet\sdk\6.0.202
TpTrace Information: 0 : 22124, 1, 2022/04/26, 14:52:17.944, 7796174819136, vstest.console.dll, AssemblyResolver.AddSearchDirectories: Adding more searchDirectories C:\Program Files\dotnet\sdk\6.0.202\Extensions,C:\Program Files\dotnet\sdk\6.0.202
TpTrace Information: 0 : 22124, 1, 2022/04/26, 14:52:17.945, 7796174820140, vstest.console.dll, AssemblyResolver.AddSearchDirectories: Adding more searchDirectories C:\Program Files\dotnet\sdk\6.0.202\Extensions,C:\Program Files\dotnet\sdk\6.0.202
TpTrace Information: 0 : 22124, 1, 2022/04/26, 14:52:17.945, 7796174821289, vstest.console.dll, AssemblyResolver.AddSearchDirectories: Adding more searchDirectories C:\Program Files\dotnet\sdk\6.0.202\Extensions,C:\Program Files\dotnet\sdk\6.0.202
TpTrace Information: 0 : 22124, 1, 2022/04/26, 14:52:17.945, 7796174822309, vstest.console.dll, AssemblyResolver.AddSearchDirectories: Adding more searchDirectories C:\Program Files\dotnet\sdk\6.0.202\Extensions,C:\Program Files\dotnet\sdk\6.0.202
TpTrace Information: 0 : 22124, 1, 2022/04/26, 14:52:17.946, 7796174836882, vstest.console.dll, AssemblyResolver.OnResolve: DumpMinitool: Resolving assembly.
TpTrace Information: 0 : 22124, 1, 2022/04/26, 14:52:17.946, 7796174839203, vstest.console.dll, AssemblyResolver.OnResolve: DumpMinitool: Searching in: 'C:\Program Files\dotnet\sdk\6.0.202\Extensions'.
TpTrace Information: 0 : 22124, 1, 2022/04/26, 14:52:17.947, 7796174841452, vstest.console.dll, AssemblyResolver.OnResolve: DumpMinitool: Assembly path does not exist: 'C:\Program Files\dotnet\sdk\6.0.202\Extensions\DumpMinitool.dll', returning.
TpTrace Information: 0 : 22124, 1, 2022/04/26, 14:52:17.948, 7796174853407, vstest.console.dll, AssemblyResolver.OnResolve: DumpMinitool: Loading assembly 'C:\Program Files\dotnet\sdk\6.0.202\Extensions\DumpMinitool.exe'.
TpTrace Information: 0 : 22124, 1, 2022/04/26, 14:52:17.949, 7796174869443, vstest.console.dll, AssemblyResolver.OnResolve: Resolved assembly: DumpMinitool, from path: C:\Program Files\dotnet\sdk\6.0.202\Extensions\DumpMinitool.exe
TpTrace Information: 0 : 22124, 1, 2022/04/26, 14:52:17.963, 7796175002125, vstest.console.dll, AssemblyResolver.OnResolve: DumpMinitool.x86: Resolving assembly.
TpTrace Information: 0 : 22124, 1, 2022/04/26, 14:52:17.963, 7796175003803, vstest.console.dll, AssemblyResolver.OnResolve: DumpMinitool.x86: Searching in: 'C:\Program Files\dotnet\sdk\6.0.202\Extensions'.
TpTrace Information: 0 : 22124, 1, 2022/04/26, 14:52:17.963, 7796175005748, vstest.console.dll, AssemblyResolver.OnResolve: DumpMinitool.x86: Assembly path does not exist: 'C:\Program Files\dotnet\sdk\6.0.202\Extensions\DumpMinitool.x86.dll', returning.
TpTrace Information: 0 : 22124, 1, 2022/04/26, 14:52:17.964, 7796175014488, vstest.console.dll, AssemblyResolver.OnResolve: DumpMinitool.x86: Loading assembly 'C:\Program Files\dotnet\sdk\6.0.202\Extensions\DumpMinitool.x86.exe'.
TpTrace Information: 0 : 22124, 1, 2022/04/26, 14:52:17.965, 7796175023782, vstest.console.dll, AssemblyResolver.OnResolve: Resolved assembly: DumpMinitool.x86, from path: C:\Program Files\dotnet\sdk\6.0.202\Extensions\DumpMinitool.x86.exe
TpTrace Information: 0 : 22124, 1, 2022/04/26, 14:52:17.965, 7796175028886, vstest.console.dll, AssemblyResolver.OnResolve: Microsoft.Diagnostics.NETCore.Client: Resolving assembly.
TpTrace Information: 0 : 22124, 1, 2022/04/26, 14:52:17.966, 7796175029976, vstest.console.dll, AssemblyResolver.OnResolve: Microsoft.Diagnostics.NETCore.Client: Searching in: 'C:\Program Files\dotnet\sdk\6.0.202\Extensions'.
TpTrace Information: 0 : 22124, 1, 2022/04/26, 14:52:17.966, 7796175037668, vstest.console.dll, AssemblyResolver.OnResolve: Microsoft.Diagnostics.NETCore.Client: Loading assembly 'C:\Program Files\dotnet\sdk\6.0.202\Extensions\Microsoft.Diagnostics.NETCore.Client.dll'.
TpTrace Information: 0 : 22124, 1, 2022/04/26, 14:52:17.967, 7796175048990, vstest.console.dll, AssemblyResolver.OnResolve: Resolved assembly: Microsoft.Diagnostics.NETCore.Client, from path: C:\Program Files\dotnet\sdk\6.0.202\Extensions\Microsoft.Diagnostics.NETCore.Client.dll
TpTrace Information: 0 : 22124, 1, 2022/04/26, 14:52:17.973, 7796175109334, vstest.console.dll, AssemblyResolver.OnResolve: Microsoft.Bcl.AsyncInterfaces: Resolving assembly.
TpTrace Information: 0 : 22124, 1, 2022/04/26, 14:52:17.974, 7796175112147, vstest.console.dll, AssemblyResolver.OnResolve: Microsoft.Bcl.AsyncInterfaces: Searching in: 'C:\Program Files\dotnet\sdk\6.0.202\Extensions'.
TpTrace Information: 0 : 22124, 1, 2022/04/26, 14:52:17.975, 7796175125178, vstest.console.dll, AssemblyResolver.OnResolve: Microsoft.Bcl.AsyncInterfaces: Assembly path does not exist: 'C:\Program Files\dotnet\sdk\6.0.202\Extensions\Microsoft.Bcl.AsyncInterfaces.dll', returning.
TpTrace Information: 0 : 22124, 1, 2022/04/26, 14:52:17.975, 7796175127970, vstest.console.dll, AssemblyResolver.OnResolve: Microsoft.Bcl.AsyncInterfaces: Assembly path does not exist: 'C:\Program Files\dotnet\sdk\6.0.202\Extensions\Microsoft.Bcl.AsyncInterfaces.exe', returning.
TpTrace Information: 0 : 22124, 1, 2022/04/26, 14:52:17.975, 7796175129023, vstest.console.dll, AssemblyResolver.OnResolve: Microsoft.Bcl.AsyncInterfaces: Searching in: 'C:\Program Files\dotnet\sdk\6.0.202'.
TpTrace Information: 0 : 22124, 1, 2022/04/26, 14:52:17.976, 7796175130985, vstest.console.dll, AssemblyResolver.OnResolve: Microsoft.Bcl.AsyncInterfaces: Assembly path does not exist: 'C:\Program Files\dotnet\sdk\6.0.202\Microsoft.Bcl.AsyncInterfaces.dll', returning.
TpTrace Information: 0 : 22124, 1, 2022/04/26, 14:52:17.976, 7796175133059, vstest.console.dll, AssemblyResolver.OnResolve: Microsoft.Bcl.AsyncInterfaces: Assembly path does not exist: 'C:\Program Files\dotnet\sdk\6.0.202\Microsoft.Bcl.AsyncInterfaces.exe', returning.
TpTrace Information: 0 : 22124, 1, 2022/04/26, 14:52:17.976, 7796175134016, vstest.console.dll, AssemblyResolver.OnResolve: Microsoft.Bcl.AsyncInterfaces: Failed to load assembly.
TpTrace Verbose: 0 : 22124, 1, 2022/04/26, 14:52:17.976, 7796175135480, vstest.console.dll, CurrentDomainAssemblyResolve: Resolving assembly 'Microsoft.Bcl.AsyncInterfaces'.
TpTrace Information: 0 : 22124, 1, 2022/04/26, 14:52:17.976, 7796175137227, vstest.console.dll, AssemblyResolver.OnResolve: Microsoft.Bcl.AsyncInterfaces: Resolving assembly.
TpTrace Information: 0 : 22124, 1, 2022/04/26, 14:52:17.976, 7796175138394, vstest.console.dll, AssemblyResolver.OnResolve: Microsoft.Bcl.AsyncInterfaces: Resolved from cache.
TpTrace Verbose: 0 : 22124, 1, 2022/04/26, 14:52:17.976, 7796175139470, vstest.console.dll, CurrentDomainAssemblyResolve: Resolving assembly 'Microsoft.Bcl.AsyncInterfaces'.
TpTrace Verbose: 0 : 22124, 1, 2022/04/26, 14:52:17.977, 7796175140622, vstest.console.dll, CurrentDomainAssemblyResolve: Failed to resolve assembly 'Microsoft.Bcl.AsyncInterfaces'.
TpTrace Verbose: 0 : 22124, 1, 2022/04/26, 14:52:17.978, 7796175149837, vstest.console.dll, CurrentDomainAssemblyResolve: Failed to resolve assembly 'Microsoft.Bcl.AsyncInterfaces'.
TpTrace Warning: 0 : 22124, 1, 2022/04/26, 14:52:18.015, 7796175529289, vstest.console.dll, TestPluginDiscoverer: Failed to get types from assembly 'Microsoft.Diagnostics.NETCore.Client, Version=0.2.5.801, Culture=neutral, PublicKeyToken=31bf3856ad364e35'.  Skipping test extension scan for this assembly.  Error: System.Reflection.ReflectionTypeLoadException: Unable to load one or more of the requested types.
Could not load file or assembly 'Microsoft.Bcl.AsyncInterfaces, Version=1.0.0.0, Culture=neutral, PublicKeyToken=cc7b13ffcd2ddd51'. The system cannot find the file specified.
   at System.Reflection.RuntimeModule.GetTypes(RuntimeModule module)
   at System.Reflection.Assembly.GetTypes()
   at Microsoft.VisualStudio.TestPlatform.Common.ExtensionFramework.TestPluginDiscoverer.GetTestExtensionsFromAssembly[TPluginInfo,TExtension](Assembly assembly, Dictionary`2 pluginInfos)
System.IO.FileNotFoundException: Could not load file or assembly 'Microsoft.Bcl.AsyncInterfaces, Version=1.0.0.0, Culture=neutral, PublicKeyToken=cc7b13ffcd2ddd51'. The system cannot find the file specified.
File name: 'Microsoft.Bcl.AsyncInterfaces, Version=1.0.0.0, Culture=neutral, PublicKeyToken=cc7b13ffcd2ddd51'
 ---> System.IO.FileNotFoundException: Could not load file or assembly 'Microsoft.Bcl.AsyncInterfaces, Culture=neutral, PublicKeyToken=null'. The system cannot find the file specified.
File name: 'Microsoft.Bcl.AsyncInterfaces, Culture=neutral, PublicKeyToken=null'
   at System.Reflection.RuntimeAssembly.InternalLoad(ObjectHandleOnStack assemblyName, ObjectHandleOnStack requestingAssembly, StackCrawlMarkHandle stackMark, Boolean throwOnFileNotFound, ObjectHandleOnStack assemblyLoadContext, ObjectHandleOnStack retAssembly)
   at System.Reflection.RuntimeAssembly.InternalLoad(AssemblyName assemblyName, RuntimeAssembly requestingAssembly, StackCrawlMark& stackMark, Boolean throwOnFileNotFound, AssemblyLoadContext assemblyLoadContext)
   at System.Reflection.Assembly.Load(AssemblyName assemblyRef)
   at Microsoft.VisualStudio.TestPlatform.Common.ExtensionFramework.TestPluginCache.CurrentDomainAssemblyResolve(Object sender, AssemblyResolveEventArgs args)
   at Microsoft.VisualStudio.TestPlatform.PlatformAbstractions.PlatformAssemblyResolver.AssemblyResolverEvent(Object sender, Object eventArgs)
   at System.Runtime.Loader.AssemblyLoadContext.GetFirstResolvedAssemblyFromResolvingEvent(AssemblyName assemblyName)
   at System.Runtime.Loader.AssemblyLoadContext.ResolveUsingEvent(AssemblyName assemblyName)
   at System.Runtime.Loader.AssemblyLoadContext.ResolveUsingResolvingEvent(IntPtr gchManagedAssemblyLoadContext, AssemblyName assemblyName)
TpTrace Warning: 0 : 22124, 1, 2022/04/26, 14:52:18.016, 7796175532448, vstest.console.dll, LoaderExceptions: System.IO.FileNotFoundException: Could not load file or assembly 'Microsoft.Bcl.AsyncInterfaces, Version=1.0.0.0, Culture=neutral, PublicKeyToken=cc7b13ffcd2ddd51'. The system cannot find the file specified.
File name: 'Microsoft.Bcl.AsyncInterfaces, Version=1.0.0.0, Culture=neutral, PublicKeyToken=cc7b13ffcd2ddd51'
 ---> System.IO.FileNotFoundException: Could not load file or assembly 'Microsoft.Bcl.AsyncInterfaces, Culture=neutral, PublicKeyToken=null'. The system cannot find the file specified.
File name: 'Microsoft.Bcl.AsyncInterfaces, Culture=neutral, PublicKeyToken=null'
   at System.Reflection.RuntimeAssembly.InternalLoad(ObjectHandleOnStack assemblyName, ObjectHandleOnStack requestingAssembly, StackCrawlMarkHandle stackMark, Boolean throwOnFileNotFound, ObjectHandleOnStack assemblyLoadContext, ObjectHandleOnStack retAssembly)
   at System.Reflection.RuntimeAssembly.InternalLoad(AssemblyName assemblyName, RuntimeAssembly requestingAssembly, StackCrawlMark& stackMark, Boolean throwOnFileNotFound, AssemblyLoadContext assemblyLoadContext)
   at System.Reflection.Assembly.Load(AssemblyName assemblyRef)
   at Microsoft.VisualStudio.TestPlatform.Common.ExtensionFramework.TestPluginCache.CurrentDomainAssemblyResolve(Object sender, AssemblyResolveEventArgs args)
   at Microsoft.VisualStudio.TestPlatform.PlatformAbstractions.PlatformAssemblyResolver.AssemblyResolverEvent(Object sender, Object eventArgs)
   at System.Runtime.Loader.AssemblyLoadContext.GetFirstResolvedAssemblyFromResolvingEvent(AssemblyName assemblyName)
   at System.Runtime.Loader.AssemblyLoadContext.ResolveUsingEvent(AssemblyName assemblyName)
   at System.Runtime.Loader.AssemblyLoadContext.ResolveUsingResolvingEvent(IntPtr gchManagedAssemblyLoadContext, AssemblyName assemblyName)
TpTrace Information: 0 : 22124, 1, 2022/04/26, 14:52:18.016, 7796175534890, vstest.console.dll, AssemblyResolver.OnResolve: Microsoft.TestPlatform.Extensions.BlameDataCollector: Resolving assembly.
TpTrace Information: 0 : 22124, 1, 2022/04/26, 14:52:18.016, 7796175535626, vstest.console.dll, AssemblyResolver.OnResolve: Microsoft.TestPlatform.Extensions.BlameDataCollector: Searching in: 'C:\Program Files\dotnet\sdk\6.0.202\Extensions'.
TpTrace Information: 0 : 22124, 1, 2022/04/26, 14:52:18.017, 7796175542585, vstest.console.dll, AssemblyResolver.OnResolve: Microsoft.TestPlatform.Extensions.BlameDataCollector: Loading assembly 'C:\Program Files\dotnet\sdk\6.0.202\Extensions\Microsoft.TestPlatform.Extensions.BlameDataCollector.dll'.
TpTrace Information: 0 : 22124, 1, 2022/04/26, 14:52:18.018, 7796175551147, vstest.console.dll, AssemblyResolver.OnResolve: Resolved assembly: Microsoft.TestPlatform.Extensions.BlameDataCollector, from path: C:\Program Files\dotnet\sdk\6.0.202\Extensions\Microsoft.TestPlatform.Extensions.BlameDataCollector.dll
TpTrace Information: 0 : 22124, 1, 2022/04/26, 14:52:18.019, 7796175560543, vstest.console.dll, AssemblyResolver.OnResolve: Microsoft.TestPlatform.Extensions.EventLogCollector: Resolving assembly.
TpTrace Information: 0 : 22124, 1, 2022/04/26, 14:52:18.019, 7796175561615, vstest.console.dll, AssemblyResolver.OnResolve: Microsoft.TestPlatform.Extensions.EventLogCollector: Searching in: 'C:\Program Files\dotnet\sdk\6.0.202\Extensions'.
TpTrace Information: 0 : 22124, 1, 2022/04/26, 14:52:18.019, 7796175568571, vstest.console.dll, AssemblyResolver.OnResolve: Microsoft.TestPlatform.Extensions.EventLogCollector: Loading assembly 'C:\Program Files\dotnet\sdk\6.0.202\Extensions\Microsoft.TestPlatform.Extensions.EventLogCollector.dll'.
TpTrace Information: 0 : 22124, 1, 2022/04/26, 14:52:18.020, 7796175576655, vstest.console.dll, AssemblyResolver.OnResolve: Resolved assembly: Microsoft.TestPlatform.Extensions.EventLogCollector, from path: C:\Program Files\dotnet\sdk\6.0.202\Extensions\Microsoft.TestPlatform.Extensions.EventLogCollector.dll
TpTrace Information: 0 : 22124, 1, 2022/04/26, 14:52:18.022, 7796175594689, vstest.console.dll, AssemblyResolver.OnResolve: Microsoft.TestPlatform.TestHostRuntimeProvider: Resolving assembly.
TpTrace Information: 0 : 22124, 1, 2022/04/26, 14:52:18.022, 7796175595915, vstest.console.dll, AssemblyResolver.OnResolve: Microsoft.TestPlatform.TestHostRuntimeProvider: Searching in: 'C:\Program Files\dotnet\sdk\6.0.202\Extensions'.
TpTrace Information: 0 : 22124, 1, 2022/04/26, 14:52:18.023, 7796175602970, vstest.console.dll, AssemblyResolver.OnResolve: Microsoft.TestPlatform.TestHostRuntimeProvider: Loading assembly 'C:\Program Files\dotnet\sdk\6.0.202\Extensions\Microsoft.TestPlatform.TestHostRuntimeProvider.dll'.
TpTrace Information: 0 : 22124, 1, 2022/04/26, 14:52:18.024, 7796175615388, vstest.console.dll, AssemblyResolver.OnResolve: Resolved assembly: Microsoft.TestPlatform.TestHostRuntimeProvider, from path: C:\Program Files\dotnet\sdk\6.0.202\Extensions\Microsoft.TestPlatform.TestHostRuntimeProvider.dll
TpTrace Information: 0 : 22124, 1, 2022/04/26, 14:52:18.034, 7796175713912, vstest.console.dll, AssemblyResolver.OnResolve: Microsoft.VisualStudio.TestPlatform.Extensions.Html.TestLogger: Resolving assembly.
TpTrace Information: 0 : 22124, 1, 2022/04/26, 14:52:18.034, 7796175715533, vstest.console.dll, AssemblyResolver.OnResolve: Microsoft.VisualStudio.TestPlatform.Extensions.Html.TestLogger: Searching in: 'C:\Program Files\dotnet\sdk\6.0.202\Extensions'.
TpTrace Information: 0 : 22124, 1, 2022/04/26, 14:52:18.035, 7796175724233, vstest.console.dll, AssemblyResolver.OnResolve: Microsoft.VisualStudio.TestPlatform.Extensions.Html.TestLogger: Loading assembly 'C:\Program Files\dotnet\sdk\6.0.202\Extensions\Microsoft.VisualStudio.TestPlatform.Extensions.Html.TestLogger.dll'.
TpTrace Information: 0 : 22124, 1, 2022/04/26, 14:52:18.036, 7796175735299, vstest.console.dll, AssemblyResolver.OnResolve: Resolved assembly: Microsoft.VisualStudio.TestPlatform.Extensions.Html.TestLogger, from path: C:\Program Files\dotnet\sdk\6.0.202\Extensions\Microsoft.VisualStudio.TestPlatform.Extensions.Html.TestLogger.dll
TpTrace Information: 0 : 22124, 1, 2022/04/26, 14:52:18.037, 7796175741507, vstest.console.dll, AssemblyResolver.OnResolve: Microsoft.VisualStudio.TestPlatform.Extensions.Trx.TestLogger: Resolving assembly.
TpTrace Information: 0 : 22124, 1, 2022/04/26, 14:52:18.037, 7796175742579, vstest.console.dll, AssemblyResolver.OnResolve: Microsoft.VisualStudio.TestPlatform.Extensions.Trx.TestLogger: Searching in: 'C:\Program Files\dotnet\sdk\6.0.202\Extensions'.
TpTrace Information: 0 : 22124, 1, 2022/04/26, 14:52:18.038, 7796175750168, vstest.console.dll, AssemblyResolver.OnResolve: Microsoft.VisualStudio.TestPlatform.Extensions.Trx.TestLogger: Loading assembly 'C:\Program Files\dotnet\sdk\6.0.202\Extensions\Microsoft.VisualStudio.TestPlatform.Extensions.Trx.TestLogger.dll'.
TpTrace Information: 0 : 22124, 1, 2022/04/26, 14:52:18.038, 7796175759279, vstest.console.dll, AssemblyResolver.OnResolve: Resolved assembly: Microsoft.VisualStudio.TestPlatform.Extensions.Trx.TestLogger, from path: C:\Program Files\dotnet\sdk\6.0.202\Extensions\Microsoft.VisualStudio.TestPlatform.Extensions.Trx.TestLogger.dll
TpTrace Verbose: 0 : 22124, 1, 2022/04/26, 14:52:18.039, 7796175767915, vstest.console.dll, TestPluginCache: Discovered the extensions using extension path ''.
TpTrace Verbose: 0 : 22124, 1, 2022/04/26, 14:52:18.039, 7796175769255, vstest.console.dll, TestPluginCache: Discoverers are ''.
TpTrace Verbose: 0 : 22124, 1, 2022/04/26, 14:52:18.040, 7796175769783, vstest.console.dll, TestPluginCache: Executors are ''.
TpTrace Verbose: 0 : 22124, 1, 2022/04/26, 14:52:18.040, 7796175770212, vstest.console.dll, TestPluginCache: Executors2 are ''.
TpTrace Verbose: 0 : 22124, 1, 2022/04/26, 14:52:18.040, 7796175770625, vstest.console.dll, TestPluginCache: Setting providers are ''.
TpTrace Verbose: 0 : 22124, 1, 2022/04/26, 14:52:18.040, 7796175771037, vstest.console.dll, TestPluginCache: Loggers are ''.
TpTrace Information: 0 : 22124, 1, 2022/04/26, 14:52:18.048, 7796175854113, vstest.console.dll, RunTestsArgumentProcessor:Execute: Test run is starting.
TpTrace Verbose: 0 : 22124, 1, 2022/04/26, 14:52:18.048, 7796175855596, vstest.console.dll, RunTestsArgumentProcessor:Execute: Queuing Test run.
TpTrace Information: 0 : 22124, 1, 2022/04/26, 14:52:18.048, 7796175859497, vstest.console.dll, TestRequestManager.RunTests: run tests started.
TpTrace Information: 0 : 22124, 1, 2022/04/26, 14:52:18.054, 7796175919659, vstest.console.dll, AssemblyMetadataProvider.GetFrameWork: Determined framework:'.NETCoreApp,Version=v6.0' for source: 'E:\Anul 4\Work-internship\ComplexFoodProjectStructureBE\ProjectStructure.MSTests\bin\Debug\net6.0\fine-code-coverage\build-output\ProjectStructure.MSTests.dll'
TpTrace Information: 0 : 22124, 1, 2022/04/26, 14:52:18.055, 7796175922697, vstest.console.dll, Determined framework for all sources: .NETCoreApp,Version=v6.0
TpTrace Verbose: 0 : 22124, 1, 2022/04/26, 14:52:18.056, 7796175929781, vstest.console.dll, Default architecture: X64 IsDefaultTargetArchitecture: True
TpTrace Information: 0 : 22124, 1, 2022/04/26, 14:52:18.056, 7796175937555, vstest.console.dll, AssemblyMetadataProvider.GetArchitecture: Determined architecture:AnyCPU info for assembly: E:\Anul 4\Work-internship\ComplexFoodProjectStructureBE\ProjectStructure.MSTests\bin\Debug\net6.0\fine-code-coverage\build-output\ProjectStructure.MSTests.dll
TpTrace Information: 0 : 22124, 1, 2022/04/26, 14:52:18.056, 7796175938811, vstest.console.dll, Determined platform for source 'E:\Anul 4\Work-internship\ComplexFoodProjectStructureBE\ProjectStructure.MSTests\bin\Debug\net6.0\fine-code-coverage\build-output\ProjectStructure.MSTests.dll' is 'AnyCPU'
TpTrace Information: 0 : 22124, 1, 2022/04/26, 14:52:18.065, 7796176021946, vstest.console.dll, Determined platform for all sources: X64
TpTrace Information: 0 : 22124, 1, 2022/04/26, 14:52:18.065, 7796176024037, vstest.console.dll, Infered platform 'X64'.
TpTrace Information: 0 : 22124, 1, 2022/04/26, 14:52:18.065, 7796176025093, vstest.console.dll, Platform update to 'X64' required.
TpTrace Information: 0 : 22124, 1, 2022/04/26, 14:52:18.071, 7796176085531, vstest.console.dll, Compatible sources list : 
TpTrace Information: 0 : 22124, 1, 2022/04/26, 14:52:18.071, 7796176087584, vstest.console.dll, E:\Anul 4\Work-internship\ComplexFoodProjectStructureBE\ProjectStructure.MSTests\bin\Debug\net6.0\fine-code-coverage\build-output\ProjectStructure.MSTests.dll
TpTrace Information: 0 : 22124, 1, 2022/04/26, 14:52:18.080, 7796176171998, vstest.console.dll, InferRunSettingsHelper.IsTestSettingsEnabled: Unable to navigate to RunSettings/MSTest. Current node: RunSettings
TpTrace Information: 0 : 22124, 1, 2022/04/26, 14:52:18.081, 7796176189425, vstest.console.dll, AssemblyResolver.OnResolve: Microsoft.VisualStudio.TestPlatform.Fakes: Resolving assembly.
TpTrace Information: 0 : 22124, 1, 2022/04/26, 14:52:18.082, 7796176191250, vstest.console.dll, AssemblyResolver.OnResolve: Microsoft.VisualStudio.TestPlatform.Fakes: Searching in: 'C:\Program Files\dotnet\sdk\6.0.202\Extensions'.
TpTrace Information: 0 : 22124, 1, 2022/04/26, 14:52:18.082, 7796176193383, vstest.console.dll, AssemblyResolver.OnResolve: Microsoft.VisualStudio.TestPlatform.Fakes: Assembly path does not exist: 'C:\Program Files\dotnet\sdk\6.0.202\Extensions\Microsoft.VisualStudio.TestPlatform.Fakes.dll', returning.
TpTrace Information: 0 : 22124, 1, 2022/04/26, 14:52:18.082, 7796176195201, vstest.console.dll, AssemblyResolver.OnResolve: Microsoft.VisualStudio.TestPlatform.Fakes: Assembly path does not exist: 'C:\Program Files\dotnet\sdk\6.0.202\Extensions\Microsoft.VisualStudio.TestPlatform.Fakes.exe', returning.
TpTrace Information: 0 : 22124, 1, 2022/04/26, 14:52:18.082, 7796176196059, vstest.console.dll, AssemblyResolver.OnResolve: Microsoft.VisualStudio.TestPlatform.Fakes: Searching in: 'C:\Program Files\dotnet\sdk\6.0.202'.
TpTrace Information: 0 : 22124, 1, 2022/04/26, 14:52:18.082, 7796176197828, vstest.console.dll, AssemblyResolver.OnResolve: Microsoft.VisualStudio.TestPlatform.Fakes: Assembly path does not exist: 'C:\Program Files\dotnet\sdk\6.0.202\Microsoft.VisualStudio.TestPlatform.Fakes.dll', returning.
TpTrace Information: 0 : 22124, 1, 2022/04/26, 14:52:18.082, 7796176199437, vstest.console.dll, AssemblyResolver.OnResolve: Microsoft.VisualStudio.TestPlatform.Fakes: Assembly path does not exist: 'C:\Program Files\dotnet\sdk\6.0.202\Microsoft.VisualStudio.TestPlatform.Fakes.exe', returning.
TpTrace Information: 0 : 22124, 1, 2022/04/26, 14:52:18.083, 7796176200421, vstest.console.dll, AssemblyResolver.OnResolve: Microsoft.VisualStudio.TestPlatform.Fakes: Failed to load assembly.
TpTrace Information: 0 : 22124, 1, 2022/04/26, 14:52:18.083, 7796176206223, vstest.console.dll, Failed to load assembly Microsoft.VisualStudio.TestPlatform.Fakes, Version=17.0.0.0, Culture=neutral. Reason:System.IO.FileNotFoundException: Could not load file or assembly 'Microsoft.VisualStudio.TestPlatform.Fakes, Version=17.0.0.0, Culture=neutral, PublicKeyToken=null'. The system cannot find the file specified.
File name: 'Microsoft.VisualStudio.TestPlatform.Fakes, Version=17.0.0.0, Culture=neutral, PublicKeyToken=null'
   at System.Reflection.RuntimeAssembly.InternalLoad(ObjectHandleOnStack assemblyName, ObjectHandleOnStack requestingAssembly, StackCrawlMarkHandle stackMark, Boolean throwOnFileNotFound, ObjectHandleOnStack assemblyLoadContext, ObjectHandleOnStack retAssembly)
   at System.Reflection.RuntimeAssembly.InternalLoad(AssemblyName assemblyName, RuntimeAssembly requestingAssembly, StackCrawlMark& stackMark, Boolean throwOnFileNotFound, AssemblyLoadContext assemblyLoadContext)
   at System.Reflection.Assembly.Load(AssemblyName assemblyRef)
   at Microsoft.VisualStudio.TestPlatform.Common.Utilities.FakesUtilities.LoadTestPlatformAssembly()
TpTrace Verbose: 0 : 22124, 1, 2022/04/26, 14:52:18.094, 7796176316767, vstest.console.dll, TestPluginCache.DiscoverTestExtensions: finding test extensions in assemblies ends with: TestLogger.dll TPluginInfo: Microsoft.VisualStudio.TestPlatform.Common.ExtensionFramework.Utilities.TestLoggerPluginInformation TExtension: Microsoft.VisualStudio.TestPlatform.ObjectModel.Client.ITestLogger
TpTrace Verbose: 0 : 22124, 1, 2022/04/26, 14:52:18.094, 7796176319345, vstest.console.dll, TestPluginCache.GetExtensionPaths: Filtered extension paths: 
TpTrace Verbose: 0 : 22124, 1, 2022/04/26, 14:52:18.095, 7796176320371, vstest.console.dll, TestPluginCache.GetExtensionPaths: Added default extension paths: C:\Program Files\dotnet\sdk\6.0.202\Extensions\DumpMinitool.exe
C:\Program Files\dotnet\sdk\6.0.202\Extensions\DumpMinitool.x86.exe
C:\Program Files\dotnet\sdk\6.0.202\Extensions\Microsoft.Diagnostics.NETCore.Client.dll
C:\Program Files\dotnet\sdk\6.0.202\Extensions\Microsoft.TestPlatform.Extensions.BlameDataCollector.dll
C:\Program Files\dotnet\sdk\6.0.202\Extensions\Microsoft.TestPlatform.Extensions.EventLogCollector.dll
C:\Program Files\dotnet\sdk\6.0.202\Extensions\Microsoft.TestPlatform.TestHostRuntimeProvider.dll
C:\Program Files\dotnet\sdk\6.0.202\Extensions\Microsoft.VisualStudio.TestPlatform.Extensions.Html.TestLogger.dll
C:\Program Files\dotnet\sdk\6.0.202\Extensions\Microsoft.VisualStudio.TestPlatform.Extensions.Trx.TestLogger.dll
TpTrace Verbose: 0 : 22124, 1, 2022/04/26, 14:52:18.095, 7796176321757, vstest.console.dll, TestPluginCache.GetExtensionPaths: Added unfilterableExtensionPaths: 
TpTrace Information: 0 : 22124, 1, 2022/04/26, 14:52:18.095, 7796176325264, vstest.console.dll, AssemblyResolver.AddSearchDirectories: Adding more searchDirectories C:\Program Files\dotnet\sdk\6.0.202\Extensions,C:\Program Files\dotnet\sdk\6.0.202
TpTrace Verbose: 0 : 22124, 1, 2022/04/26, 14:52:18.095, 7796176326524, vstest.console.dll, TestPluginCache.DiscoverTestExtensions: Discovering the extensions using extension path.
TpTrace Verbose: 0 : 22124, 1, 2022/04/26, 14:52:18.095, 7796176328172, vstest.console.dll, TestPluginCache.GetExtensionPaths: Filtered extension paths: 
TpTrace Verbose: 0 : 22124, 1, 2022/04/26, 14:52:18.095, 7796176329403, vstest.console.dll, TestPluginCache.GetExtensionPaths: Added default extension paths: C:\Program Files\dotnet\sdk\6.0.202\Extensions\DumpMinitool.exe
C:\Program Files\dotnet\sdk\6.0.202\Extensions\DumpMinitool.x86.exe
C:\Program Files\dotnet\sdk\6.0.202\Extensions\Microsoft.Diagnostics.NETCore.Client.dll
C:\Program Files\dotnet\sdk\6.0.202\Extensions\Microsoft.TestPlatform.Extensions.BlameDataCollector.dll
C:\Program Files\dotnet\sdk\6.0.202\Extensions\Microsoft.TestPlatform.Extensions.EventLogCollector.dll
C:\Program Files\dotnet\sdk\6.0.202\Extensions\Microsoft.TestPlatform.TestHostRuntimeProvider.dll
C:\Program Files\dotnet\sdk\6.0.202\Extensions\Microsoft.VisualStudio.TestPlatform.Extensions.Html.TestLogger.dll
C:\Program Files\dotnet\sdk\6.0.202\Extensions\Microsoft.VisualStudio.TestPlatform.Extensions.Trx.TestLogger.dll
TpTrace Verbose: 0 : 22124, 1, 2022/04/26, 14:52:18.096, 7796176331315, vstest.console.dll, TestPluginCache.GetExtensionPaths: Added unfilterableExtensionPaths: 
TpTrace Verbose: 0 : 22124, 1, 2022/04/26, 14:52:18.096, 7796176333416, vstest.console.dll, TestPluginCache.DiscoverTestExtensions: Discovering the extensions using allExtensionPaths: C:\Program Files\dotnet\sdk\6.0.202\Extensions\DumpMinitool.exe
C:\Program Files\dotnet\sdk\6.0.202\Extensions\DumpMinitool.x86.exe
C:\Program Files\dotnet\sdk\6.0.202\Extensions\Microsoft.Diagnostics.NETCore.Client.dll
C:\Program Files\dotnet\sdk\6.0.202\Extensions\Microsoft.TestPlatform.Extensions.BlameDataCollector.dll
C:\Program Files\dotnet\sdk\6.0.202\Extensions\Microsoft.TestPlatform.Extensions.EventLogCollector.dll
C:\Program Files\dotnet\sdk\6.0.202\Extensions\Microsoft.TestPlatform.TestHostRuntimeProvider.dll
C:\Program Files\dotnet\sdk\6.0.202\Extensions\Microsoft.VisualStudio.TestPlatform.Extensions.Html.TestLogger.dll
C:\Program Files\dotnet\sdk\6.0.202\Extensions\Microsoft.VisualStudio.TestPlatform.Extensions.Trx.TestLogger.dll
TpTrace Information: 0 : 22124, 1, 2022/04/26, 14:52:18.096, 7796176336590, vstest.console.dll, AssemblyResolver.AddSearchDirectories: Adding more searchDirectories C:\Program Files\dotnet\sdk\6.0.202\Extensions,C:\Program Files\dotnet\sdk\6.0.202
TpTrace Information: 0 : 22124, 1, 2022/04/26, 14:52:18.096, 7796176337950, vstest.console.dll, AssemblyResolver.AddSearchDirectories: Adding more searchDirectories C:\Program Files\dotnet\sdk\6.0.202\Extensions,C:\Program Files\dotnet\sdk\6.0.202
TpTrace Information: 0 : 22124, 1, 2022/04/26, 14:52:18.096, 7796176339104, vstest.console.dll, AssemblyResolver.AddSearchDirectories: Adding more searchDirectories C:\Program Files\dotnet\sdk\6.0.202\Extensions,C:\Program Files\dotnet\sdk\6.0.202
TpTrace Information: 0 : 22124, 1, 2022/04/26, 14:52:18.097, 7796176340600, vstest.console.dll, AssemblyResolver.AddSearchDirectories: Adding more searchDirectories C:\Program Files\dotnet\sdk\6.0.202\Extensions,C:\Program Files\dotnet\sdk\6.0.202
TpTrace Information: 0 : 22124, 1, 2022/04/26, 14:52:18.097, 7796176341734, vstest.console.dll, AssemblyResolver.AddSearchDirectories: Adding more searchDirectories C:\Program Files\dotnet\sdk\6.0.202\Extensions,C:\Program Files\dotnet\sdk\6.0.202
TpTrace Information: 0 : 22124, 1, 2022/04/26, 14:52:18.097, 7796176342691, vstest.console.dll, AssemblyResolver.AddSearchDirectories: Adding more searchDirectories C:\Program Files\dotnet\sdk\6.0.202\Extensions,C:\Program Files\dotnet\sdk\6.0.202
TpTrace Information: 0 : 22124, 1, 2022/04/26, 14:52:18.097, 7796176344141, vstest.console.dll, AssemblyResolver.AddSearchDirectories: Adding more searchDirectories C:\Program Files\dotnet\sdk\6.0.202\Extensions,C:\Program Files\dotnet\sdk\6.0.202
TpTrace Information: 0 : 22124, 1, 2022/04/26, 14:52:18.097, 7796176345443, vstest.console.dll, AssemblyResolver.AddSearchDirectories: Adding more searchDirectories C:\Program Files\dotnet\sdk\6.0.202\Extensions,C:\Program Files\dotnet\sdk\6.0.202
TpTrace Information: 0 : 22124, 1, 2022/04/26, 14:52:18.098, 7796176359724, vstest.console.dll, AssemblyResolver.OnResolve: Microsoft.Bcl.AsyncInterfaces: Resolving assembly.
TpTrace Information: 0 : 22124, 1, 2022/04/26, 14:52:18.099, 7796176362345, vstest.console.dll, AssemblyResolver.OnResolve: Microsoft.Bcl.AsyncInterfaces: Resolved from cache.
TpTrace Verbose: 0 : 22124, 1, 2022/04/26, 14:52:18.099, 7796176363836, vstest.console.dll, CurrentDomainAssemblyResolve: Resolving assembly 'Microsoft.Bcl.AsyncInterfaces'.
TpTrace Information: 0 : 22124, 1, 2022/04/26, 14:52:18.099, 7796176365868, vstest.console.dll, AssemblyResolver.OnResolve: Microsoft.Bcl.AsyncInterfaces: Resolving assembly.
TpTrace Information: 0 : 22124, 1, 2022/04/26, 14:52:18.099, 7796176367048, vstest.console.dll, AssemblyResolver.OnResolve: Microsoft.Bcl.AsyncInterfaces: Resolved from cache.
TpTrace Verbose: 0 : 22124, 1, 2022/04/26, 14:52:18.099, 7796176368113, vstest.console.dll, CurrentDomainAssemblyResolve: Resolving assembly 'Microsoft.Bcl.AsyncInterfaces'.
TpTrace Verbose: 0 : 22124, 1, 2022/04/26, 14:52:18.099, 7796176369305, vstest.console.dll, CurrentDomainAssemblyResolve: Failed to resolve assembly 'Microsoft.Bcl.AsyncInterfaces'.
TpTrace Verbose: 0 : 22124, 1, 2022/04/26, 14:52:18.100, 7796176375275, vstest.console.dll, CurrentDomainAssemblyResolve: Failed to resolve assembly 'Microsoft.Bcl.AsyncInterfaces'.
TpTrace Warning: 0 : 22124, 1, 2022/04/26, 14:52:18.101, 7796176386510, vstest.console.dll, TestPluginDiscoverer: Failed to get types from assembly 'Microsoft.Diagnostics.NETCore.Client, Version=0.2.5.801, Culture=neutral, PublicKeyToken=31bf3856ad364e35'.  Skipping test extension scan for this assembly.  Error: System.Reflection.ReflectionTypeLoadException: Unable to load one or more of the requested types.
Could not load file or assembly 'Microsoft.Bcl.AsyncInterfaces, Version=1.0.0.0, Culture=neutral, PublicKeyToken=cc7b13ffcd2ddd51'. The system cannot find the file specified.
   at System.Reflection.RuntimeModule.GetTypes(RuntimeModule module)
   at System.Reflection.Assembly.GetTypes()
   at Microsoft.VisualStudio.TestPlatform.Common.ExtensionFramework.TestPluginDiscoverer.GetTestExtensionsFromAssembly[TPluginInfo,TExtension](Assembly assembly, Dictionary`2 pluginInfos)
System.IO.FileNotFoundException: Could not load file or assembly 'Microsoft.Bcl.AsyncInterfaces, Version=1.0.0.0, Culture=neutral, PublicKeyToken=cc7b13ffcd2ddd51'. The system cannot find the file specified.
File name: 'Microsoft.Bcl.AsyncInterfaces, Version=1.0.0.0, Culture=neutral, PublicKeyToken=cc7b13ffcd2ddd51'
 ---> System.IO.FileNotFoundException: Could not load file or assembly 'Microsoft.Bcl.AsyncInterfaces, Culture=neutral, PublicKeyToken=null'. The system cannot find the file specified.
File name: 'Microsoft.Bcl.AsyncInterfaces, Culture=neutral, PublicKeyToken=null'
   at System.Reflection.RuntimeAssembly.InternalLoad(ObjectHandleOnStack assemblyName, ObjectHandleOnStack requestingAssembly, StackCrawlMarkHandle stackMark, Boolean throwOnFileNotFound, ObjectHandleOnStack assemblyLoadContext, ObjectHandleOnStack retAssembly)
   at System.Reflection.RuntimeAssembly.InternalLoad(AssemblyName assemblyName, RuntimeAssembly requestingAssembly, StackCrawlMark& stackMark, Boolean throwOnFileNotFound, AssemblyLoadContext assemblyLoadContext)
   at System.Reflection.Assembly.Load(AssemblyName assemblyRef)
   at Microsoft.VisualStudio.TestPlatform.Common.ExtensionFramework.TestPluginCache.CurrentDomainAssemblyResolve(Object sender, AssemblyResolveEventArgs args)
   at Microsoft.VisualStudio.TestPlatform.PlatformAbstractions.PlatformAssemblyResolver.AssemblyResolverEvent(Object sender, Object eventArgs)
   at System.Runtime.Loader.AssemblyLoadContext.GetFirstResolvedAssemblyFromResolvingEvent(AssemblyName assemblyName)
   at System.Runtime.Loader.AssemblyLoadContext.ResolveUsingEvent(AssemblyName assemblyName)
   at System.Runtime.Loader.AssemblyLoadContext.ResolveUsingResolvingEvent(IntPtr gchManagedAssemblyLoadContext, AssemblyName assemblyName)
TpTrace Warning: 0 : 22124, 1, 2022/04/26, 14:52:18.102, 7796176391434, vstest.console.dll, LoaderExceptions: System.IO.FileNotFoundException: Could not load file or assembly 'Microsoft.Bcl.AsyncInterfaces, Version=1.0.0.0, Culture=neutral, PublicKeyToken=cc7b13ffcd2ddd51'. The system cannot find the file specified.
File name: 'Microsoft.Bcl.AsyncInterfaces, Version=1.0.0.0, Culture=neutral, PublicKeyToken=cc7b13ffcd2ddd51'
 ---> System.IO.FileNotFoundException: Could not load file or assembly 'Microsoft.Bcl.AsyncInterfaces, Culture=neutral, PublicKeyToken=null'. The system cannot find the file specified.
File name: 'Microsoft.Bcl.AsyncInterfaces, Culture=neutral, PublicKeyToken=null'
   at System.Reflection.RuntimeAssembly.InternalLoad(ObjectHandleOnStack assemblyName, ObjectHandleOnStack requestingAssembly, StackCrawlMarkHandle stackMark, Boolean throwOnFileNotFound, ObjectHandleOnStack assemblyLoadContext, ObjectHandleOnStack retAssembly)
   at System.Reflection.RuntimeAssembly.InternalLoad(AssemblyName assemblyName, RuntimeAssembly requestingAssembly, StackCrawlMark& stackMark, Boolean throwOnFileNotFound, AssemblyLoadContext assemblyLoadContext)
   at System.Reflection.Assembly.Load(AssemblyName assemblyRef)
   at Microsoft.VisualStudio.TestPlatform.Common.ExtensionFramework.TestPluginCache.CurrentDomainAssemblyResolve(Object sender, AssemblyResolveEventArgs args)
   at Microsoft.VisualStudio.TestPlatform.PlatformAbstractions.PlatformAssemblyResolver.AssemblyResolverEvent(Object sender, Object eventArgs)
   at System.Runtime.Loader.AssemblyLoadContext.GetFirstResolvedAssemblyFromResolvingEvent(AssemblyName assemblyName)
   at System.Runtime.Loader.AssemblyLoadContext.ResolveUsingEvent(AssemblyName assemblyName)
   at System.Runtime.Loader.AssemblyLoadContext.ResolveUsingResolvingEvent(IntPtr gchManagedAssemblyLoadContext, AssemblyName assemblyName)
TpTrace Verbose: 0 : 22124, 1, 2022/04/26, 14:52:18.103, 7796176402402, vstest.console.dll, TestPluginCache: Discovered the extensions using extension path ''.
TpTrace Verbose: 0 : 22124, 1, 2022/04/26, 14:52:18.103, 7796176403963, vstest.console.dll, TestPluginCache: Discoverers are ''.
TpTrace Verbose: 0 : 22124, 1, 2022/04/26, 14:52:18.103, 7796176405455, vstest.console.dll, TestPluginCache: Executors are ''.
TpTrace Verbose: 0 : 22124, 1, 2022/04/26, 14:52:18.103, 7796176406595, vstest.console.dll, TestPluginCache: Executors2 are ''.
TpTrace Verbose: 0 : 22124, 1, 2022/04/26, 14:52:18.103, 7796176407346, vstest.console.dll, TestPluginCache: Setting providers are ''.
TpTrace Verbose: 0 : 22124, 1, 2022/04/26, 14:52:18.104, 7796176409784, vstest.console.dll, TestPluginCache: Loggers are 'logger://Microsoft/TestPlatform/Extensions/Blame/v1,logger://Microsoft/TestPlatform/HtmlLogger/v1,logger://Microsoft/TestPlatform/TrxLogger/v1'.
TpTrace Information: 0 : 22124, 1, 2022/04/26, 14:52:18.106, 7796176438867, vstest.console.dll, TestPluginManager.CreateTestExtension: Attempting to load test extension: Microsoft.TestPlatform.Extensions.BlameDataCollector.BlameLogger
TpTrace Information: 0 : 22124, 1, 2022/04/26, 14:52:18.125, 7796176620474, vstest.console.dll, TestPluginManager.CreateTestExtension: Attempting to load test extension: Microsoft.VisualStudio.TestPlatform.CrossPlatEngine.Hosting.DefaultTestHostManager
TpTrace Information: 0 : 22124, 1, 2022/04/26, 14:52:18.129, 7796176664431, vstest.console.dll, TestPluginManager.CreateTestExtension: Attempting to load test extension: Microsoft.VisualStudio.TestPlatform.CrossPlatEngine.Hosting.DotnetTestHostManager
TpTrace Verbose: 0 : 22124, 1, 2022/04/26, 14:52:18.130, 7796176677584, vstest.console.dll, TestEngine: Initializing Parallel Execution as MaxCpuCount is set to: 1
TpTrace Information: 0 : 22124, 1, 2022/04/26, 14:52:18.131, 7796176687808, vstest.console.dll, InferRunSettingsHelper.IsTestSettingsEnabled: Unable to navigate to RunSettings/MSTest. Current node: RunSettings
TpTrace Verbose: 0 : 22124, 1, 2022/04/26, 14:52:18.169, 7796177060313, vstest.console.dll, TestRequestSender is acting as server
TpTrace Verbose: 0 : 22124, 5, 2022/04/26, 14:52:18.183, 7796177202555, vstest.console.dll, DataCollectionRequestSender.InitializeCommunication : Initialize communication. 
TpTrace Information: 0 : 22124, 5, 2022/04/26, 14:52:18.200, 7796177373818, vstest.console.dll, Listening on Endpoint : 127.0.0.1:13879
TpTrace Verbose: 0 : 22124, 5, 2022/04/26, 14:52:18.232, 7796177695828, vstest.console.dll, DotnetDataCollectionLauncher: Full path of dotnet.exe is C:\Program Files\dotnet\dotnet.exe
TpTrace Verbose: 0 : 22124, 5, 2022/04/26, 14:52:18.233, 7796177700569, vstest.console.dll, DotnetDataCollectionLauncher: Adding  --runtimeconfig "C:\Program Files\dotnet\sdk\6.0.202\datacollector.runtimeconfig.json" in args
TpTrace Verbose: 0 : 22124, 5, 2022/04/26, 14:52:18.233, 7796177702826, vstest.console.dll, DotnetDataCollectionLauncher: Adding  --depsfile "C:\Program Files\dotnet\sdk\6.0.202\datacollector.deps.json" in args
TpTrace Information: 0 : 22124, 5, 2022/04/26, 14:52:18.264, 7796178010931, vstest.console.dll, ProxyDataCollectionManager.Initialize: Launched datacollector processId: 6784 port: 13879
TpTrace Information: 0 : 22124, 5, 2022/04/26, 14:52:18.264, 7796178014648, vstest.console.dll, ProxyDataCollectionManager.Initialize: waiting for connection with timeout: 90 seconds
TpTrace Verbose: 0 : 22124, 5, 2022/04/26, 14:52:18.264, 7796178016578, vstest.console.dll, DataCollectionRequestSender.WaitForRequestHandlerConnection : Waiting for connection with timeout: 90000
TpTrace Information: 0 : 22124, 8, 2022/04/26, 14:52:19.013, 7796185508829, vstest.console.dll, Using the buffer size of 16384 bytes
TpTrace Verbose: 0 : 22124, 5, 2022/04/26, 14:52:19.014, 7796185510296, vstest.console.dll, ProxyDataCollectionManager.InvokeDataCollectionServiceAction: Starting.
TpTrace Information: 0 : 22124, 8, 2022/04/26, 14:52:19.014, 7796185510766, vstest.console.dll, Accepted Client request and set the flag
TpTrace Information: 0 : 22124, 5, 2022/04/26, 14:52:19.014, 7796185512867, vstest.console.dll, ProxyDataCollectionManager.BeforeTestRunStart: Get environment variable and port for datacollector processId: 6784 port: 13879
TpTrace Verbose: 0 : 22124, 5, 2022/04/26, 14:52:19.014, 7796185515442, vstest.console.dll, DataCollectionRequestSender.SendBeforeTestRunStartAndGetResult : Send BeforeTestRunStart message with settingsXml <RunSettings><RunConfiguration><ResultsDirectory>E:\Anul 4\Work-internship\ComplexFoodProjectStructureBE\ProjectStructure.MSTests\bin\Debug\net6.0\fine-code-coverage\coverage-tool-output</ResultsDirectory><TargetPlatform>X64</TargetPlatform><TargetFrameworkVersion>.NETCoreApp,Version=v6.0</TargetFrameworkVersion><DesignMode>False</DesignMode><CollectSourceInformation>False</CollectSourceInformation><TestAdaptersPaths>C:\Program Files\dotnet\sdk\6.0.202\Extensions</TestAdaptersPaths></RunConfiguration><LoggerRunSettings><Loggers><Logger friendlyName="blame" enabled="True" /><Logger friendlyName="Console" uri="logger://microsoft/TestPlatform/ConsoleLogger/v1" assemblyQualifiedName="Microsoft.VisualStudio.TestPlatform.CommandLine.Internal.ConsoleLogger, vstest.console, Version=15.0.0.0, Culture=neutral, PublicKeyToken=b03f5f7f11d50a3a" codeBase="C:\Program Files\dotnet\sdk\6.0.202\vstest.console.dll" enabled="True" /></Loggers></LoggerRunSettings><DataCollectionRunSettings><DataCollectors><DataCollector friendlyName="blame" enabled="True"><Configuration><ResultsDirectory>E:\Anul 4\Work-internship\ComplexFoodProjectStructureBE\ProjectStructure.MSTests\bin\Debug\net6.0\fine-code-coverage\coverage-tool-output</ResultsDirectory></Configuration></DataCollector></DataCollectors></DataCollectionRunSettings></RunSettings> and sources System.Linq.Enumerable+Concat2Iterator`1[System.String]: 
TpTrace Verbose: 0 : 22124, 5, 2022/04/26, 14:52:19.204, 7796187414479, vstest.console.dll, DataCollectionRequestSender.SendBeforeTestRunStartAndGetResult : Received message: (DataCollection.SendMessage) -> {
  "FriendlyName": null,
  "Uri": null,
  "TestCaseId": "00000000-0000-0000-0000-000000000000",
  "Message": "Logging DataCollector Diagnostics in file: E:\\Anul 4\\Work-internship\\ComplexFoodProjectStructureBE\\ProjectStructure.MSTests\\bin\\Debug\\net6.0\\fine-code-coverage\\coverage-tool-output\\diagnostics.datacollector.22-04-26_14-52-18_21759_5.log",
  "Level": 0
}
TpTrace Verbose: 0 : 22124, 5, 2022/04/26, 14:52:19.416, 7796189538400, vstest.console.dll, DataCollectionRequestSender.SendBeforeTestRunStartAndGetResult : Received message: (DataCollection.BeforeTestRunStartResult) -> {
  "EnvironmentVariables": {},
  "DataCollectionEventsPort": 13882
}
TpTrace Information: 0 : 22124, 5, 2022/04/26, 14:52:19.427, 7796189643221, vstest.console.dll, ProxyDataCollectionManager.BeforeTestRunStart: SendBeforeTestRunStartAndGetResult successful, env variable from datacollector:   and testhost port: 13882
TpTrace Information: 0 : 22124, 5, 2022/04/26, 14:52:19.427, 7796189644914, vstest.console.dll, ProxyDataCollectionManager.InvokeDataCollectionServiceAction: Completed.
TpTrace Verbose: 0 : 22124, 1, 2022/04/26, 14:52:19.427, 7796189647664, vstest.console.dll, TestRunRequest.ExecuteAsync: Creating test run request.
TpTrace Verbose: 0 : 22124, 1, 2022/04/26, 14:52:19.428, 7796189653680, vstest.console.dll, TestRunRequest.ExecuteAsync: Starting.
TpTrace Information: 0 : 22124, 1, 2022/04/26, 14:52:19.429, 7796189661099, vstest.console.dll, TestRunRequest.ExecuteAsync: Starting run with settings:TestRunCriteria:
   KeepAlive=False,FrequencyOfRunStatsChangeEvent=10,RunStatsChangeEventTimeout=00:00:01.5000000,TestCaseFilter=,TestExecutorLauncher=
   Settingsxml=<RunSettings>
  <RunConfiguration>
    <ResultsDirectory>E:\Anul 4\Work-internship\ComplexFoodProjectStructureBE\ProjectStructure.MSTests\bin\Debug\net6.0\fine-code-coverage\coverage-tool-output</ResultsDirectory>
    <TargetPlatform>X64</TargetPlatform>
    <TargetFrameworkVersion>.NETCoreApp,Version=v6.0</TargetFrameworkVersion>
    <DesignMode>False</DesignMode>
    <CollectSourceInformation>False</CollectSourceInformation>
  </RunConfiguration>
  <LoggerRunSettings>
    <Loggers>
      <Logger friendlyName="blame" enabled="True" />
      <Logger friendlyName="Console" uri="logger://microsoft/TestPlatform/ConsoleLogger/v1" assemblyQualifiedName="Microsoft.VisualStudio.TestPlatform.CommandLine.Internal.ConsoleLogger, vstest.console, Version=15.0.0.0, Culture=neutral, PublicKeyToken=b03f5f7f11d50a3a" codeBase="C:\Program Files\dotnet\sdk\6.0.202\vstest.console.dll" enabled="True" />
    </Loggers>
  </LoggerRunSettings>
  <DataCollectionRunSettings>
    <DataCollectors>
      <DataCollector friendlyName="blame" enabled="True">
        <Configuration>
          <ResultsDirectory>E:\Anul 4\Work-internship\ComplexFoodProjectStructureBE\ProjectStructure.MSTests\bin\Debug\net6.0\fine-code-coverage\coverage-tool-output</ResultsDirectory>
        </Configuration>
      </DataCollector>
    </DataCollectors>
  </DataCollectionRunSettings>
</RunSettings>

TpTrace Verbose: 0 : 22124, 1, 2022/04/26, 14:52:19.429, 7796189662492, vstest.console.dll, TestRunRequest.ExecuteAsync: Wait for the first run request is over.
TpTrace Verbose: 0 : 22124, 1, 2022/04/26, 14:52:19.430, 7796189671649, vstest.console.dll, ParallelProxyExecutionManager: Start execution. Total sources: 1
TpTrace Information: 0 : 22124, 1, 2022/04/26, 14:52:19.431, 7796189684274, vstest.console.dll, ProxyParallelExecutionManager: Triggering test run for next source: E:\Anul 4\Work-internship\ComplexFoodProjectStructureBE\ProjectStructure.MSTests\bin\Debug\net6.0\fine-code-coverage\build-output\ProjectStructure.MSTests.dll
TpTrace Verbose: 0 : 22124, 5, 2022/04/26, 14:52:19.431, 7796189688058, vstest.console.dll, ParallelProxyExecutionManager: Execution started. Started clients: 1
TpTrace Verbose: 0 : 22124, 1, 2022/04/26, 14:52:19.431, 7796189689649, vstest.console.dll, ProxyParallelExecutionManager: No sources available for execution.
TpTrace Information: 0 : 22124, 1, 2022/04/26, 14:52:19.432, 7796189691361, vstest.console.dll, TestRunRequest.ExecuteAsync: Started.
TpTrace Verbose: 0 : 22124, 5, 2022/04/26, 14:52:19.432, 7796189693477, vstest.console.dll, TestRunRequest:SendTestRunMessage: Starting.
TpTrace Verbose: 0 : 22124, 1, 2022/04/26, 14:52:19.432, 7796189693561, vstest.console.dll, TestRunRequest.WaitForCompletion: Waiting with timeout -1.
TpTrace Information: 0 : 22124, 5, 2022/04/26, 14:52:19.432, 7796189695610, vstest.console.dll, TestRunRequest:SendTestRunMessage: Completed.
TpTrace Verbose: 0 : 22124, 5, 2022/04/26, 14:52:19.432, 7796189698981, vstest.console.dll, ProxyExecutionManager: Test host is always Lazy initialize.
TpTrace Verbose: 0 : 22124, 5, 2022/04/26, 14:52:19.433, 7796189702525, vstest.console.dll, TestRequestSender.InitializeCommunication: initialize communication. 
TpTrace Information: 0 : 22124, 5, 2022/04/26, 14:52:19.434, 7796189711934, vstest.console.dll, SocketServer.Start: Listening on endpoint : 127.0.0.1:13883
TpTrace Verbose: 0 : 22124, 5, 2022/04/26, 14:52:19.435, 7796189722436, vstest.console.dll, DotnetTestHostmanager.GetTestHostProcessStartInfo: Platform environment 'X64' target architecture 'X64' framework '.NETCoreApp,Version=v6.0' OS 'Windows'
TpTrace Verbose: 0 : 22124, 5, 2022/04/26, 14:52:19.435, 7796189725289, vstest.console.dll, DotnetTestHostmanager: Adding  --runtimeconfig "E:\Anul 4\Work-internship\ComplexFoodProjectStructureBE\ProjectStructure.MSTests\bin\Debug\net6.0\fine-code-coverage\build-output\ProjectStructure.MSTests.runtimeconfig.json" in args
TpTrace Verbose: 0 : 22124, 5, 2022/04/26, 14:52:19.435, 7796189726423, vstest.console.dll, DotnetTestHostmanager: Adding  --depsfile "E:\Anul 4\Work-internship\ComplexFoodProjectStructureBE\ProjectStructure.MSTests\bin\Debug\net6.0\fine-code-coverage\build-output\ProjectStructure.MSTests.deps.json" in args
TpTrace Verbose: 0 : 22124, 5, 2022/04/26, 14:52:19.439, 7796189760068, vstest.console.dll, DotnetTestHostmanager.IsWinOnArm: Current PROCESSOR_ARCHITECTURE from registry 'AMD64'
TpTrace Verbose: 0 : 22124, 5, 2022/04/26, 14:52:19.439, 7796189762421, vstest.console.dll, DotnetTestHostmanager.IsWinOnArm: Is Windows on ARM 'False'
TpTrace Verbose: 0 : 22124, 5, 2022/04/26, 14:52:19.439, 7796189764067, vstest.console.dll, DotnetTestHostManager: testhost.exe found at path: E:\Anul 4\Work-internship\ComplexFoodProjectStructureBE\ProjectStructure.MSTests\bin\Debug\net6.0\fine-code-coverage\build-output\testhost.exe
TpTrace Verbose: 0 : 22124, 5, 2022/04/26, 14:52:19.439, 7796189765574, vstest.console.dll, DotnetTestHostmanager: Full path of host exe is E:\Anul 4\Work-internship\ComplexFoodProjectStructureBE\ProjectStructure.MSTests\bin\Debug\net6.0\fine-code-coverage\build-output\testhost.exe
TpTrace Verbose: 0 : 22124, 5, 2022/04/26, 14:52:19.439, 7796189769036, vstest.console.dll, DotnetTestHostmanager.LaunchTestHostAsync: Found 'VSTEST_WINAPPHOST_DOTNET_ROOT' in env variables, value 'C:\Program Files\dotnet'
TpTrace Verbose: 0 : 22124, 7, 2022/04/26, 14:52:19.441, 7796189789794, vstest.console.dll, DotnetTestHostManager: Starting process 'E:\Anul 4\Work-internship\ComplexFoodProjectStructureBE\ProjectStructure.MSTests\bin\Debug\net6.0\fine-code-coverage\build-output\testhost.exe' with command line ' --runtimeconfig "E:\Anul 4\Work-internship\ComplexFoodProjectStructureBE\ProjectStructure.MSTests\bin\Debug\net6.0\fine-code-coverage\build-output\ProjectStructure.MSTests.runtimeconfig.json" --depsfile "E:\Anul 4\Work-internship\ComplexFoodProjectStructureBE\ProjectStructure.MSTests\bin\Debug\net6.0\fine-code-coverage\build-output\ProjectStructure.MSTests.deps.json" --port 13883 --endpoint 127.0.0.1:013883 --role client --parentprocessid 22124 --diag "E:\Anul 4\Work-internship\ComplexFoodProjectStructureBE\ProjectStructure.MSTests\bin\Debug\net6.0\fine-code-coverage\coverage-tool-output\diagnostics.host.22-04-26_14-52-19_43477_5.log" --tracelevel 4 --datacollectionport 13882 --telemetryoptedin false'
TpTrace Verbose: 0 : 22124, 7, 2022/04/26, 14:52:19.451, 7796189886630, vstest.console.dll, Test Runtime launched
TpTrace Verbose: 0 : 22124, 5, 2022/04/26, 14:52:19.452, 7796189898817, vstest.console.dll, TestRequestSender.WaitForRequestHandlerConnection: waiting for connection with timeout: 90000
TpTrace Verbose: 0 : 22124, 7, 2022/04/26, 14:52:19.785, 7796193223056, vstest.console.dll, SocketServer.OnClientConnected: Client connected for endPoint: 127.0.0.1:13883, starting MessageLoopAsync:
TpTrace Verbose: 0 : 22124, 14, 2022/04/26, 14:52:19.785, 7796193226963, vstest.console.dll, TcpClientExtensions.MessageLoopAsync: Polling on remoteEndPoint: 127.0.0.1:13884 localEndPoint: 127.0.0.1:13883
TpTrace Verbose: 0 : 22124, 5, 2022/04/26, 14:52:19.786, 7796193236644, vstest.console.dll, TestRequestSender.CheckVersionWithTestHost: Sending check version message: {"MessageType":"ProtocolVersion","Payload":5}
TpTrace Verbose: 0 : 22124, 14, 2022/04/26, 14:52:20.007, 7796195447846, vstest.console.dll, TcpClientExtensions.MessageLoopAsync: NotifyDataAvailable remoteEndPoint: 127.0.0.1:13884 localEndPoint: 127.0.0.1:13883
TpTrace Verbose: 0 : 22124, 14, 2022/04/26, 14:52:20.008, 7796195454365, vstest.console.dll, TestRequestSender.CheckVersionWithTestHost: onMessageReceived received message: (ProtocolVersion) -> 5
TpTrace Verbose: 0 : 22124, 14, 2022/04/26, 14:52:20.009, 7796195468896, vstest.console.dll, TcpClientExtensions.MessageLoopAsync: Polling on remoteEndPoint: 127.0.0.1:13884 localEndPoint: 127.0.0.1:13883
TpTrace Verbose: 0 : 22124, 5, 2022/04/26, 14:52:20.010, 7796195471320, vstest.console.dll, TestPluginCache.GetExtensionPaths: Filtered extension paths: 
TpTrace Verbose: 0 : 22124, 5, 2022/04/26, 14:52:20.010, 7796195473961, vstest.console.dll, TestPluginCache.GetExtensionPaths: Added default extension paths: C:\Program Files\dotnet\sdk\6.0.202\Extensions\DumpMinitool.exe
C:\Program Files\dotnet\sdk\6.0.202\Extensions\DumpMinitool.x86.exe
C:\Program Files\dotnet\sdk\6.0.202\Extensions\Microsoft.Diagnostics.NETCore.Client.dll
C:\Program Files\dotnet\sdk\6.0.202\Extensions\Microsoft.TestPlatform.Extensions.BlameDataCollector.dll
C:\Program Files\dotnet\sdk\6.0.202\Extensions\Microsoft.TestPlatform.Extensions.EventLogCollector.dll
C:\Program Files\dotnet\sdk\6.0.202\Extensions\Microsoft.TestPlatform.TestHostRuntimeProvider.dll
C:\Program Files\dotnet\sdk\6.0.202\Extensions\Microsoft.VisualStudio.TestPlatform.Extensions.Html.TestLogger.dll
C:\Program Files\dotnet\sdk\6.0.202\Extensions\Microsoft.VisualStudio.TestPlatform.Extensions.Trx.TestLogger.dll
TpTrace Verbose: 0 : 22124, 5, 2022/04/26, 14:52:20.010, 7796195475086, vstest.console.dll, TestPluginCache.GetExtensionPaths: Added unfilterableExtensionPaths: 
TpTrace Verbose: 0 : 22124, 5, 2022/04/26, 14:52:20.017, 7796195546287, vstest.console.dll, TestRequestSender.InitializeExecution: Sending initialize execution with message: {"Version":5,"MessageType":"TestExecution.Initialize","Payload":["E:\\Anul 4\\Work-internship\\ComplexFoodProjectStructureBE\\ProjectStructure.MSTests\\bin\\Debug\\net6.0\\fine-code-coverage\\build-output\\Microsoft.VisualStudio.TestPlatform.MSTest.TestAdapter.dll"]}
TpTrace Warning: 0 : 22124, 5, 2022/04/26, 14:52:20.018, 7796195551896, vstest.console.dll, InferRunSettingsHelper.MakeRunsettingsCompatible: Removing the following settings: TargetPlatform from RunSettings file. To use those settings please move to latest version of Microsoft.NET.Test.Sdk
TpTrace Verbose: 0 : 22124, 14, 2022/04/26, 14:52:20.038, 7796195756647, vstest.console.dll, TcpClientExtensions.MessageLoopAsync: NotifyDataAvailable remoteEndPoint: 127.0.0.1:13884 localEndPoint: 127.0.0.1:13883
TpTrace Verbose: 0 : 22124, 14, 2022/04/26, 14:52:20.038, 7796195759039, vstest.console.dll, TestRequestSender.OnExecutionMessageReceived: Received message: {"Version":5,"MessageType":"TestSession.Message","Payload":{"MessageLevel":0,"Message":"Logging TestHost Diagnostics in file: E:\\Anul 4\\Work-internship\\ComplexFoodProjectStructureBE\\ProjectStructure.MSTests\\bin\\Debug\\net6.0\\fine-code-coverage\\coverage-tool-output\\diagnostics.host.22-04-26_14-52-19_43477_5.log"}}
TpTrace Verbose: 0 : 22124, 14, 2022/04/26, 14:52:20.042, 7796195798783, vstest.console.dll, TestRunRequest:SendTestRunMessage: Starting.
TpTrace Information: 0 : 22124, 14, 2022/04/26, 14:52:20.043, 7796195801212, vstest.console.dll, TestRunRequest:SendTestRunMessage: Completed.
TpTrace Verbose: 0 : 22124, 14, 2022/04/26, 14:52:20.043, 7796195802129, vstest.console.dll, TcpClientExtensions.MessageLoopAsync: Polling on remoteEndPoint: 127.0.0.1:13884 localEndPoint: 127.0.0.1:13883
TpTrace Verbose: 0 : 22124, 5, 2022/04/26, 14:52:20.043, 7796195808897, vstest.console.dll, TestRequestSender.StartTestRun: Sending test run with message: {"Version":5,"MessageType":"TestExecution.StartWithSources","Payload":{"AdapterSourceMap":{"_none_":["E:\\Anul 4\\Work-internship\\ComplexFoodProjectStructureBE\\ProjectStructure.MSTests\\bin\\Debug\\net6.0\\fine-code-coverage\\build-output\\ProjectStructure.MSTests.dll"]},"RunSettings":"<RunSettings>\r\n  <RunConfiguration>\r\n    <ResultsDirectory>E:\\Anul 4\\Work-internship\\ComplexFoodProjectStructureBE\\ProjectStructure.MSTests\\bin\\Debug\\net6.0\\fine-code-coverage\\coverage-tool-output</ResultsDirectory>\r\n    <TargetFrameworkVersion>.NETCoreApp,Version=v6.0</TargetFrameworkVersion>\r\n    <DesignMode>False</DesignMode>\r\n    <CollectSourceInformation>False</CollectSourceInformation>\r\n  </RunConfiguration>\r\n  <LoggerRunSettings>\r\n    <Loggers>\r\n      <Logger friendlyName=\"blame\" enabled=\"True\" />\r\n      <Logger friendlyName=\"Console\" uri=\"logger://microsoft/TestPlatform/ConsoleLogger/v1\" assemblyQualifiedName=\"Microsoft.VisualStudio.TestPlatform.CommandLine.Internal.ConsoleLogger, vstest.console, Version=15.0.0.0, Culture=neutral, PublicKeyToken=b03f5f7f11d50a3a\" codeBase=\"C:\\Program Files\\dotnet\\sdk\\6.0.202\\vstest.console.dll\" enabled=\"True\" />\r\n    </Loggers>\r\n  </LoggerRunSettings>\r\n  <DataCollectionRunSettings>\r\n    <DataCollectors>\r\n      <DataCollector friendlyName=\"blame\" enabled=\"True\">\r\n        <Configuration>\r\n          <ResultsDirectory>E:\\Anul 4\\Work-internship\\ComplexFoodProjectStructureBE\\ProjectStructure.MSTests\\bin\\Debug\\net6.0\\fine-code-coverage\\coverage-tool-output</ResultsDirectory>\r\n        </Configuration>\r\n      </DataCollector>\r\n    </DataCollectors>\r\n  </DataCollectionRunSettings>\r\n</RunSettings>","TestExecutionContext":{"FrequencyOfRunStatsChangeEvent":10,"RunStatsChangeEventTimeout":"00:00:01.5000000","InIsolation":false,"KeepAlive":false,"AreTestCaseLevelEventsRequired":false,"IsDebug":false,"TestCaseFilter":null,"FilterOptions":null},"Package":null}}
TpTrace Verbose: 0 : 22124, 14, 2022/04/26, 14:52:20.924, 7796204615598, vstest.console.dll, TcpClientExtensions.MessageLoopAsync: NotifyDataAvailable remoteEndPoint: 127.0.0.1:13884 localEndPoint: 127.0.0.1:13883
TpTrace Verbose: 0 : 22124, 14, 2022/04/26, 14:52:20.925, 7796204621841, vstest.console.dll, TestRequestSender.OnExecutionMessageReceived: Received message: {"Version":5,"MessageType":"TestExecution.Completed","Payload":{"TestRunCompleteArgs":{"TestRunStatistics":{"ExecutedTests":9,"Stats":{"Passed":9}},"IsCanceled":false,"IsAborted":false,"Error":null,"AttachmentSets":[],"ElapsedTimeInRunningTests":"00:00:00.6176449","Metrics":{}},"LastRunTests":{"NewTestResults":[{"TestCase":{"Id":"adadc5dd-3d83-14d1-e826-c3504b8a01f2","FullyQualifiedName":"ProjectStructure.UnitTests.BuyerControllerFixture.Get_All_Buyers_GetBuyersListQuery","DisplayName":"Get_All_Buyers_GetBuyersListQuery","ExecutorUri":"executor://MSTestAdapter/v2","Source":"E:\\Anul 4\\Work-internship\\ComplexFoodProjectStructureBE\\ProjectStructure.MSTests\\bin\\Debug\\net6.0\\fine-code-coverage\\build-output\\ProjectStructure.MSTests.dll","CodeFilePath":null,"LineNumber":-1,"Properties":[{"Key":{"Id":"TestCase.ManagedType","Label":"ManagedType","Category":"","Description":"","Attributes":1,"ValueType":"System.String"},"Value":"ProjectStructure.UnitTests.BuyerControllerFixture"},{"Key":{"Id":"TestCase.ManagedMethod","Label":"ManagedMethod","Category":"","Description":"","Attributes":1,"ValueType":"System.String"},"Value":"Get_All_Buyers_GetBuyersListQuery"},{"Key":{"Id":"MSTestDiscoverer.TestClassName","Label":"ClassName","Category":"","Description":"","Attributes":1,"ValueType":"System.String"},"Value":"ProjectStructure.UnitTests.BuyerControllerFixture"},{"Key":{"Id":"TestCase.Hierarchy","Label":"Hierarchy","Category":"","Description":"","Attributes":2,"ValueType":"System.String[]"},"Value":["ProjectStructure.UnitTests","BuyerControllerFixture"]},{"Key":{"Id":"TestObject.Traits","Label":"Traits","Category":"","Description":"","Attributes":5,"ValueType":"System.Collections.Generic.KeyValuePair`2[[System.String],[System.String]][]"},"Value":[]}]},"Attachments":[],"Outcome":1,"ErrorMessage":null,"ErrorStackTrace":null,"DisplayName":"Get_All_Buyers_GetBuyersListQuery","Messages":[],"ComputerName":null,"Duration":"00:00:00.1934149","StartTime":"2022-04-26T14:52:20.5135661+03:00","EndTime":"2022-04-26T14:52:20.752465+03:00","Properties":[{"Key":{"Id":"ExecutionId","Label":"ExecutionId","Category":"","Description":"","Attributes":1,"ValueType":"System.Guid"},"Value":"00000000-0000-0000-0000-000000000000"},{"Key":{"Id":"ParentExecId","Label":"ParentExecId","Category":"","Description":"","Attributes":1,"ValueType":"System.Guid"},"Value":"00000000-0000-0000-0000-000000000000"},{"Key":{"Id":"InnerResultsCount","Label":"InnerResultsCount","Category":"","Description":"","Attributes":1,"ValueType":"System.Int32"},"Value":0}]},{"TestCase":{"Id":"6000816f-b687-5e1d-778c-6b12370d3bc6","FullyQualifiedName":"ProjectStructure.UnitTests.BuyerControllerFixture.Delete_Buyer_By_Id_DeleteBuyerByIdCommandCalled","DisplayName":"Delete_Buyer_By_Id_DeleteBuyerByIdCommandCalled","ExecutorUri":"executor://MSTestAdapter/v2","Source":"E:\\Anul 4\\Work-internship\\ComplexFoodProjectStructureBE\\ProjectStructure.MSTests\\bin\\Debug\\net6.0\\fine-code-coverage\\build-output\\ProjectStructure.MSTests.dll","CodeFilePath":null,"LineNumber":-1,"Properties":[{"Key":{"Id":"TestCase.ManagedType","Label":"ManagedType","Category":"","Description":"","Attributes":1,"ValueType":"System.String"},"Value":"ProjectStructure.UnitTests.BuyerControllerFixture"},{"Key":{"Id":"TestCase.ManagedMethod","Label":"ManagedMethod","Category":"","Description":"","Attributes":1,"ValueType":"System.String"},"Value":"Delete_Buyer_By_Id_DeleteBuyerByIdCommandCalled"},{"Key":{"Id":"MSTestDiscoverer.TestClassName","Label":"ClassName","Category":"","Description":"","Attributes":1,"ValueType":"System.String"},"Value":"ProjectStructure.UnitTests.BuyerControllerFixture"},{"Key":{"Id":"TestCase.Hierarchy","Label":"Hierarchy","Category":"","Description":"","Attributes":2,"ValueType":"System.String[]"},"Value":["ProjectStructure.UnitTests","BuyerControllerFixture"]},{"Key":{"Id":"TestObject.Traits","Label":"Traits","Category":"","Description":"","Attributes":5,"ValueType":"System.Collections.Generic.KeyValuePair`2[[System.String],[System.String]][]"},"Value":[]}]},"Attachments":[],"Outcome":1,"ErrorMessage":null,"ErrorStackTrace":null,"DisplayName":"Delete_Buyer_By_Id_DeleteBuyerByIdCommandCalled","Messages":[],"ComputerName":null,"Duration":"00:00:00.0067868","StartTime":"2022-04-26T14:52:20.7836999+03:00","EndTime":"2022-04-26T14:52:20.7909481+03:00","Properties":[{"Key":{"Id":"ExecutionId","Label":"ExecutionId","Category":"","Description":"","Attributes":1,"ValueType":"System.Guid"},"Value":"00000000-0000-0000-0000-000000000000"},{"Key":{"Id":"ParentExecId","Label":"ParentExecId","Category":"","Description":"","Attributes":1,"ValueType":"System.Guid"},"Value":"00000000-0000-0000-0000-000000000000"},{"Key":{"Id":"InnerResultsCount","Label":"InnerResultsCount","Category":"","Description":"","Attributes":1,"ValueType":"System.Int32"},"Value":0}]},{"TestCase":{"Id":"a4f06d05-4daf-4be2-3a8f-babd7d3e32fa","FullyQualifiedName":"ProjectStructure.UnitTests.BuyerControllerFixture.Create_Buyer_CreateBuyerCommand","DisplayName":"Create_Buyer_CreateBuyerCommand","ExecutorUri":"executor://MSTestAdapter/v2","Source":"E:\\Anul 4\\Work-internship\\ComplexFoodProjectStructureBE\\ProjectStructure.MSTests\\bin\\Debug\\net6.0\\fine-code-coverage\\build-output\\ProjectStructure.MSTests.dll","CodeFilePath":null,"LineNumber":-1,"Properties":[{"Key":{"Id":"TestCase.ManagedType","Label":"ManagedType","Category":"","Description":"","Attributes":1,"ValueType":"System.String"},"Value":"ProjectStructure.UnitTests.BuyerControllerFixture"},{"Key":{"Id":"TestCase.ManagedMethod","Label":"ManagedMethod","Category":"","Description":"","Attributes":1,"ValueType":"System.String"},"Value":"Create_Buyer_CreateBuyerCommand"},{"Key":{"Id":"MSTestDiscoverer.TestClassName","Label":"ClassName","Category":"","Description":"","Attributes":1,"ValueType":"System.String"},"Value":"ProjectStructure.UnitTests.BuyerControllerFixture"},{"Key":{"Id":"TestCase.Hierarchy","Label":"Hierarchy","Category":"","Description":"","Attributes":2,"ValueType":"System.String[]"},"Value":["ProjectStructure.UnitTests","BuyerControllerFixture"]},{"Key":{"Id":"TestObject.Traits","Label":"Traits","Category":"","Description":"","Attributes":5,"ValueType":"System.Collections.Generic.KeyValuePair`2[[System.String],[System.String]][]"},"Value":[]}]},"Attachments":[],"Outcome":1,"ErrorMessage":null,"ErrorStackTrace":null,"DisplayName":"Create_Buyer_CreateBuyerCommand","Messages":[],"ComputerName":null,"Duration":"00:00:00.0191373","StartTime":"2022-04-26T14:52:20.7999115+03:00","EndTime":"2022-04-26T14:52:20.8193995+03:00","Properties":[{"Key":{"Id":"ExecutionId","Label":"ExecutionId","Category":"","Description":"","Attributes":1,"ValueType":"System.Guid"},"Value":"00000000-0000-0000-0000-000000000000"},{"Key":{"Id":"ParentExecId","Label":"ParentExecId","Category":"","Description":"","Attributes":1,"ValueType":"System.Guid"},"Value":"00000000-0000-0000-0000-000000000000"},{"Key":{"Id":"InnerResultsCount","Label":"InnerResultsCount","Category":"","Description":"","Attributes":1,"ValueType":"System.Int32"},"Value":0}]},{"TestCase":{"Id":"8f3b84ac-b393-980d-4fca-40e19876815e","FullyQualifiedName":"ProjectStructure.UnitTests.BuyerControllerFixture.Update_Buyer_UpdateBuyerCommand","DisplayName":"Update_Buyer_UpdateBuyerCommand","ExecutorUri":"executor://MSTestAdapter/v2","Source":"E:\\Anul 4\\Work-internship\\ComplexFoodProjectStructureBE\\ProjectStructure.MSTests\\bin\\Debug\\net6.0\\fine-code-coverage\\build-output\\ProjectStructure.MSTests.dll","CodeFilePath":null,"LineNumber":-1,"Properties":[{"Key":{"Id":"TestCase.ManagedType","Label":"ManagedType","Category":"","Description":"","Attributes":1,"ValueType":"System.String"},"Value":"ProjectStructure.UnitTests.BuyerControllerFixture"},{"Key":{"Id":"TestCase.ManagedMethod","Label":"ManagedMethod","Category":"","Description":"","Attributes":1,"ValueType":"System.String"},"Value":"Update_Buyer_UpdateBuyerCommand"},{"Key":{"Id":"MSTestDiscoverer.TestClassName","Label":"ClassName","Category":"","Description":"","Attributes":1,"ValueType":"System.String"},"Value":"ProjectStructure.UnitTests.BuyerControllerFixture"},{"Key":{"Id":"TestCase.Hierarchy","Label":"Hierarchy","Category":"","Description":"","Attributes":2,"ValueType":"System.String[]"},"Value":["ProjectStructure.UnitTests","BuyerControllerFixture"]},{"Key":{"Id":"TestObject.Traits","Label":"Traits","Category":"","Description":"","Attributes":5,"ValueType":"System.Collections.Generic.KeyValuePair`2[[System.String],[System.String]][]"},"Value":[]}]},"Attachments":[],"Outcome":1,"ErrorMessage":null,"ErrorStackTrace":null,"DisplayName":"Update_Buyer_UpdateBuyerCommand","Messages":[],"ComputerName":null,"Duration":"00:00:00.0047379","StartTime":"2022-04-26T14:52:20.8220872+03:00","EndTime":"2022-04-26T14:52:20.8271551+03:00","Properties":[{"Key":{"Id":"ExecutionId","Label":"ExecutionId","Category":"","Description":"","Attributes":1,"ValueType":"System.Guid"},"Value":"00000000-0000-0000-0000-000000000000"},{"Key":{"Id":"ParentExecId","Label":"ParentExecId","Category":"","Description":"","Attributes":1,"ValueType":"System.Guid"},"Value":"00000000-0000-0000-0000-000000000000"},{"Key":{"Id":"InnerResultsCount","Label":"InnerResultsCount","Category":"","Description":"","Attributes":1,"ValueType":"System.Int32"},"Value":0}]},{"TestCase":{"Id":"b3f5ec32-79b5-4d6d-ac8f-98bdbf3f47d8","FullyQualifiedName":"ProjectStructure.UnitTests.BuyerControllerFixture.Confirm_Buyer_ConfirmBuyerCommand","DisplayName":"Confirm_Buyer_ConfirmBuyerCommand","ExecutorUri":"executor://MSTestAdapter/v2","Source":"E:\\Anul 4\\Work-internship\\ComplexFoodProjectStructureBE\\ProjectStructure.MSTests\\bin\\Debug\\net6.0\\fine-code-coverage\\build-output\\ProjectStructure.MSTests.dll","CodeFilePath":null,"LineNumber":-1,"Properties":[{"Key":{"Id":"TestCase.ManagedType","Label":"ManagedType","Category":"","Description":"","Attributes":1,"ValueType":"System.String"},"Value":"ProjectStructure.UnitTests.BuyerControllerFixture"},{"Key":{"Id":"TestCase.ManagedMethod","Label":"ManagedMethod","Category":"","Description":"","Attributes":1,"ValueType":"System.String"},"Value":"Confirm_Buyer_ConfirmBuyerCommand"},{"Key":{"Id":"MSTestDiscoverer.TestClassName","Label":"ClassName","Category":"","Description":"","Attributes":1,"ValueType":"System.String"},"Value":"ProjectStructure.UnitTests.BuyerControllerFixture"},{"Key":{"Id":"TestCase.Hierarchy","Label":"Hierarchy","Category":"","Description":"","Attributes":2,"ValueType":"System.String[]"},"Value":["ProjectStructure.UnitTests","BuyerControllerFixture"]},{"Key":{"Id":"TestObject.Traits","Label":"Traits","Category":"","Description":"","Attributes":5,"ValueType":"System.Collections.Generic.KeyValuePair`2[[System.String],[System.String]][]"},"Value":[]}]},"Attachments":[],"Outcome":1,"ErrorMessage":null,"ErrorStackTrace":null,"DisplayName":"Confirm_Buyer_ConfirmBuyerCommand","Messages":[],"ComputerName":null,"Duration":"00:00:00.0027664","StartTime":"2022-04-26T14:52:20.8298029+03:00","EndTime":"2022-04-26T14:52:20.8328651+03:00","Properties":[{"Key":{"Id":"ExecutionId","Label":"ExecutionId","Category":"","Description":"","Attributes":1,"ValueType":"System.Guid"},"Value":"00000000-0000-0000-0000-000000000000"},{"Key":{"Id":"ParentExecId","Label":"ParentExecId","Category":"","Description":"","Attributes":1,"ValueType":"System.Guid"},"Value":"00000000-0000-0000-0000-000000000000"},{"Key":{"Id":"InnerResultsCount","Label":"InnerResultsCount","Category":"","Description":"","Attributes":1,"ValueType":"System.Int32"},"Value":0}]},{"TestCase":{"Id":"b65690a0-fada-a496-e800-a8a01e5ff245","FullyQualifiedName":"ProjectStructure.UnitTests.BuyerControllerFixture.Deposit_Balance_DepositBalanceBuyerCommand","DisplayName":"Deposit_Balance_DepositBalanceBuyerCommand","ExecutorUri":"executor://MSTestAdapter/v2","Source":"E:\\Anul 4\\Work-internship\\ComplexFoodProjectStructureBE\\ProjectStructure.MSTests\\bin\\Debug\\net6.0\\fine-code-coverage\\build-output\\ProjectStructure.MSTests.dll","CodeFilePath":null,"LineNumber":-1,"Properties":[{"Key":{"Id":"TestCase.ManagedType","Label":"ManagedType","Category":"","Description":"","Attributes":1,"ValueType":"System.String"},"Value":"ProjectStructure.UnitTests.BuyerControllerFixture"},{"Key":{"Id":"TestCase.ManagedMethod","Label":"ManagedMethod","Category":"","Description":"","Attributes":1,"ValueType":"System.String"},"Value":"Deposit_Balance_DepositBalanceBuyerCommand"},{"Key":{"Id":"MSTestDiscoverer.TestClassName","Label":"ClassName","Category":"","Description":"","Attributes":1,"ValueType":"System.String"},"Value":"ProjectStructure.UnitTests.BuyerControllerFixture"},{"Key":{"Id":"TestCase.Hierarchy","Label":"Hierarchy","Category":"","Description":"","Attributes":2,"ValueType":"System.String[]"},"Value":["ProjectStructure.UnitTests","BuyerControllerFixture"]},{"Key":{"Id":"TestObject.Traits","Label":"Traits","Category":"","Description":"","Attributes":5,"ValueType":"System.Collections.Generic.KeyValuePair`2[[System.String],[System.String]][]"},"Value":[]}]},"Attachments":[],"Outcome":1,"ErrorMessage":null,"ErrorStackTrace":null,"DisplayName":"Deposit_Balance_DepositBalanceBuyerCommand","Messages":[],"ComputerName":null,"Duration":"00:00:00.0066441","StartTime":"2022-04-26T14:52:20.8355925+03:00","EndTime":"2022-04-26T14:52:20.8425768+03:00","Properties":[{"Key":{"Id":"ExecutionId","Label":"ExecutionId","Category":"","Description":"","Attributes":1,"ValueType":"System.Guid"},"Value":"00000000-0000-0000-0000-000000000000"},{"Key":{"Id":"ParentExecId","Label":"ParentExecId","Category":"","Description":"","Attributes":1,"ValueType":"System.Guid"},"Value":"00000000-0000-0000-0000-000000000000"},{"Key":{"Id":"InnerResultsCount","Label":"InnerResultsCount","Category":"","Description":"","Attributes":1,"ValueType":"System.Int32"},"Value":0}]},{"TestCase":{"Id":"363e92eb-bdab-8fab-bddc-8f30da3800fd","FullyQualifiedName":"ProjectStructure.UnitTests.CouponControllerFixture.Get_Coupons_By_BuyerId_GetCouponsByBuyerIdQuery","DisplayName":"Get_Coupons_By_BuyerId_GetCouponsByBuyerIdQuery","ExecutorUri":"executor://MSTestAdapter/v2","Source":"E:\\Anul 4\\Work-internship\\ComplexFoodProjectStructureBE\\ProjectStructure.MSTests\\bin\\Debug\\net6.0\\fine-code-coverage\\build-output\\ProjectStructure.MSTests.dll","CodeFilePath":null,"LineNumber":-1,"Properties":[{"Key":{"Id":"TestCase.ManagedType","Label":"ManagedType","Category":"","Description":"","Attributes":1,"ValueType":"System.String"},"Value":"ProjectStructure.UnitTests.CouponControllerFixture"},{"Key":{"Id":"TestCase.ManagedMethod","Label":"ManagedMethod","Category":"","Description":"","Attributes":1,"ValueType":"System.String"},"Value":"Get_Coupons_By_BuyerId_GetCouponsByBuyerIdQuery"},{"Key":{"Id":"MSTestDiscoverer.TestClassName","Label":"ClassName","Category":"","Description":"","Attributes":1,"ValueType":"System.String"},"Value":"ProjectStructure.UnitTests.CouponControllerFixture"},{"Key":{"Id":"TestCase.Hierarchy","Label":"Hierarchy","Category":"","Description":"","Attributes":2,"ValueType":"System.String[]"},"Value":["ProjectStructure.UnitTests","CouponControllerFixture"]},{"Key":{"Id":"TestObject.Traits","Label":"Traits","Category":"","Description":"","Attributes":5,"ValueType":"System.Collections.Generic.KeyValuePair`2[[System.String],[System.String]][]"},"Value":[]}]},"Attachments":[],"Outcome":1,"ErrorMessage":null,"ErrorStackTrace":null,"DisplayName":"Get_Coupons_By_BuyerId_GetCouponsByBuyerIdQuery","Messages":[],"ComputerName":null,"Duration":"00:00:00.0052879","StartTime":"2022-04-26T14:52:20.845227+03:00","EndTime":"2022-04-26T14:52:20.8511366+03:00","Properties":[{"Key":{"Id":"ExecutionId","Label":"ExecutionId","Category":"","Description":"","Attributes":1,"ValueType":"System.Guid"},"Value":"00000000-0000-0000-0000-000000000000"},{"Key":{"Id":"ParentExecId","Label":"ParentExecId","Category":"","Description":"","Attributes":1,"ValueType":"System.Guid"},"Value":"00000000-0000-0000-0000-000000000000"},{"Key":{"Id":"InnerResultsCount","Label":"InnerResultsCount","Category":"","Description":"","Attributes":1,"ValueType":"System.Int32"},"Value":0}]},{"TestCase":{"Id":"ef11d2e9-546a-491a-4b4d-48f753ecc03c","FullyQualifiedName":"ProjectStructure.UnitTests.CouponControllerFixture.Create_Coupons_By_BuyerId_CreateCouponCommand","DisplayName":"Create_Coupons_By_BuyerId_CreateCouponCommand","ExecutorUri":"executor://MSTestAdapter/v2","Source":"E:\\Anul 4\\Work-internship\\ComplexFoodProjectStructureBE\\ProjectStructure.MSTests\\bin\\Debug\\net6.0\\fine-code-coverage\\build-output\\ProjectStructure.MSTests.dll","CodeFilePath":null,"LineNumber":-1,"Properties":[{"Key":{"Id":"TestCase.ManagedType","Label":"ManagedType","Category":"","Description":"","Attributes":1,"ValueType":"System.String"},"Value":"ProjectStructure.UnitTests.CouponControllerFixture"},{"Key":{"Id":"TestCase.ManagedMethod","Label":"ManagedMethod","Category":"","Description":"","Attributes":1,"ValueType":"System.String"},"Value":"Create_Coupons_By_BuyerId_CreateCouponCommand"},{"Key":{"Id":"MSTestDiscoverer.TestClassName","Label":"ClassName","Category":"","Description":"","Attributes":1,"ValueType":"System.String"},"Value":"ProjectStructure.UnitTests.CouponControllerFixture"},{"Key":{"Id":"TestCase.Hierarchy","Label":"Hierarchy","Category":"","Description":"","Attributes":2,"ValueType":"System.String[]"},"Value":["ProjectStructure.UnitTests","CouponControllerFixture"]},{"Key":{"Id":"TestObject.Traits","Label":"Traits","Category":"","Description":"","Attributes":5,"ValueType":"System.Collections.Generic.KeyValuePair`2[[System.String],[System.String]][]"},"Value":[]}]},"Attachments":[],"Outcome":1,"ErrorMessage":null,"ErrorStackTrace":null,"DisplayName":"Create_Coupons_By_BuyerId_CreateCouponCommand","Messages":[],"ComputerName":null,"Duration":"00:00:00.0051530","StartTime":"2022-04-26T14:52:20.853781+03:00","EndTime":"2022-04-26T14:52:20.8594348+03:00","Properties":[{"Key":{"Id":"ExecutionId","Label":"ExecutionId","Category":"","Description":"","Attributes":1,"ValueType":"System.Guid"},"Value":"00000000-0000-0000-0000-000000000000"},{"Key":{"Id":"ParentExecId","Label":"ParentExecId","Category":"","Description":"","Attributes":1,"ValueType":"System.Guid"},"Value":"00000000-0000-0000-0000-000000000000"},{"Key":{"Id":"InnerResultsCount","Label":"InnerResultsCount","Category":"","Description":"","Attributes":1,"ValueType":"System.Int32"},"Value":0}]},{"TestCase":{"Id":"6a67a355-a72e-47b1-e02d-b775ce8d6eeb","FullyQualifiedName":"ProjectStructure.UnitTests.CouponControllerFixture.Delete_Coupon_DeleteCouponCommand","DisplayName":"Delete_Coupon_DeleteCouponCommand","ExecutorUri":"executor://MSTestAdapter/v2","Source":"E:\\Anul 4\\Work-internship\\ComplexFoodProjectStructureBE\\ProjectStructure.MSTests\\bin\\Debug\\net6.0\\fine-code-coverage\\build-output\\ProjectStructure.MSTests.dll","CodeFilePath":null,"LineNumber":-1,"Properties":[{"Key":{"Id":"TestCase.ManagedType","Label":"ManagedType","Category":"","Description":"","Attributes":1,"ValueType":"System.String"},"Value":"ProjectStructure.UnitTests.CouponControllerFixture"},{"Key":{"Id":"TestCase.ManagedMethod","Label":"ManagedMethod","Category":"","Description":"","Attributes":1,"ValueType":"System.String"},"Value":"Delete_Coupon_DeleteCouponCommand"},{"Key":{"Id":"MSTestDiscoverer.TestClassName","Label":"ClassName","Category":"","Description":"","Attributes":1,"ValueType":"System.String"},"Value":"ProjectStructure.UnitTests.CouponControllerFixture"},{"Key":{"Id":"TestCase.Hierarchy","Label":"Hierarchy","Category":"","Description":"","Attributes":2,"ValueType":"System.String[]"},"Value":["ProjectStructure.UnitTests","CouponControllerFixture"]},{"Key":{"Id":"TestObject.Traits","Label":"Traits","Category":"","Description":"","Attributes":5,"ValueType":"System.Collections.Generic.KeyValuePair`2[[System.String],[System.String]][]"},"Value":[]}]},"Attachments":[],"Outcome":1,"ErrorMessage":null,"ErrorStackTrace":null,"DisplayName":"Delete_Coupon_DeleteCouponCommand","Messages":[],"ComputerName":null,"Duration":"00:00:00.0033262","StartTime":"2022-04-26T14:52:20.8625213+03:00","EndTime":"2022-04-26T14:52:20.8661567+03:00","Properties":[{"Key":{"Id":"ExecutionId","Label":"ExecutionId","Category":"","Description":"","Attributes":1,"ValueType":"System.Guid"},"Value":"00000000-0000-0000-0000-000000000000"},{"Key":{"Id":"ParentExecId","Label":"ParentExecId","Category":"","Description":"","Attributes":1,"ValueType":"System.Guid"},"Value":"00000000-0000-0000-0000-000000000000"},{"Key":{"Id":"InnerResultsCount","Label":"InnerResultsCount","Category":"","Description":"","Attributes":1,"ValueType":"System.Int32"},"Value":0}]}],"TestRunStatistics":{"ExecutedTests":9,"Stats":{"Passed":9}},"ActiveTests":[]},"RunAttachments":[],"ExecutorUris":["executor://mstestadapter/v2"]}}
TpTrace Verbose: 0 : 22124, 14, 2022/04/26, 14:52:20.926, 7796204638896, vstest.console.dll, TestRequestSender.EndSession: Sending end session.
TpTrace Verbose: 0 : 22124, 14, 2022/04/26, 14:52:20.927, 7796204640728, vstest.console.dll, ProxyOperationManager.Close: waiting for test host to exit for 100 ms
TpTrace Warning: 0 : 22124, 11, 2022/04/26, 14:52:20.969, 7796205060495, vstest.console.dll, TestHostManagerCallbacks.ErrorReceivedCallback Test host standard error line: 
TpTrace Verbose: 0 : 22124, 8, 2022/04/26, 14:52:20.981, 7796205189481, vstest.console.dll, TestHostProvider.ExitCallBack: Host exited starting callback.
TpTrace Information: 0 : 22124, 8, 2022/04/26, 14:52:20.983, 7796205203251, vstest.console.dll, TestHostManagerCallbacks.ExitCallBack: Testhost processId: 11320 exited with exitcode: 0 error: ''
TpTrace Verbose: 0 : 22124, 8, 2022/04/26, 14:52:20.983, 7796205204799, vstest.console.dll, DotnetTestHostManager.OnHostExited: invoking OnHostExited callback
TpTrace Verbose: 0 : 22124, 8, 2022/04/26, 14:52:20.983, 7796205205690, vstest.console.dll, CrossPlatEngine.TestHostManagerHostExited: calling on client process exit callback.
TpTrace Information: 0 : 22124, 8, 2022/04/26, 14:52:20.983, 7796205206649, vstest.console.dll, TestRequestSender.OnClientProcessExit: Test host process exited. Standard error: 
TpTrace Information: 0 : 22124, 14, 2022/04/26, 14:52:20.983, 7796205207015, vstest.console.dll, SocketServer.Stop: Stop server endPoint: 127.0.0.1:13883
TpTrace Information: 0 : 22124, 14, 2022/04/26, 14:52:20.983, 7796205208395, vstest.console.dll, SocketServer.Stop: Cancellation requested. Stopping message loop.
TpTrace Information: 0 : 22124, 8, 2022/04/26, 14:52:20.983, 7796205207586, vstest.console.dll, SocketServer.Stop: Stop server endPoint: 127.0.0.1:13883
TpTrace Information: 0 : 22124, 8, 2022/04/26, 14:52:20.984, 7796205210223, vstest.console.dll, SocketServer.Stop: Cancellation requested. Stopping message loop.
TpTrace Information: 0 : 22124, 14, 2022/04/26, 14:52:20.984, 7796205210780, vstest.console.dll, Closing the connection
TpTrace Warning: 0 : 22124, 14, 2022/04/26, 14:52:20.984, 7796205211841, vstest.console.dll, ProxyOperationManager: Timed out waiting for test host to exit. Will terminate process.
TpTrace Verbose: 0 : 22124, 14, 2022/04/26, 14:52:20.988, 7796205252274, vstest.console.dll, ProxyDataCollectionManager.InvokeDataCollectionServiceAction: Starting.
TpTrace Information: 0 : 22124, 14, 2022/04/26, 14:52:20.988, 7796205253711, vstest.console.dll, ProxyDataCollectionManager.AfterTestRunEnd: Get attachment set for datacollector processId: 6784 port: 13879
TpTrace Verbose: 0 : 22124, 14, 2022/04/26, 14:52:20.988, 7796205255088, vstest.console.dll, DataCollectionRequestSender.SendAfterTestRunStartAndGetResult : Send AfterTestRunEnd message with isCancelled: False
TpTrace Verbose: 0 : 22124, 14, 2022/04/26, 14:52:20.995, 7796205327597, vstest.console.dll, DataCollectionRequestSender.SendAfterTestRunStartAndGetResult : Received message: (DataCollection.AfterTestRunEndResult) -> {
  "AttachmentSets": [],
  "Metrics": {}
}
TpTrace Information: 0 : 22124, 14, 2022/04/26, 14:52:21.000, 7796205372410, vstest.console.dll, ProxyDataCollectionManager.InvokeDataCollectionServiceAction: Completed.
TpTrace Warning: 0 : 22124, 10, 2022/04/26, 14:52:21.000, 7796205373972, vstest.console.dll, DataCollectionLauncher.ErrorReceivedCallback datacollector standard error line: 
TpTrace Information: 0 : 22124, 8, 2022/04/26, 14:52:21.007, 7796205442245, vstest.console.dll, DataCollectionLauncher.ExitCallBack: Data collector exited with exitcode: 0 error: ''
TpTrace Verbose: 0 : 22124, 14, 2022/04/26, 14:52:21.114, 7796206512956, vstest.console.dll, TestRunRequest:SendTestRunStatsChange: Starting.
TpTrace Information: 0 : 22124, 14, 2022/04/26, 14:52:21.114, 7796206516035, vstest.console.dll, TestRunRequest:SendTestRunStatsChange: Completed.
TpTrace Verbose: 0 : 22124, 14, 2022/04/26, 14:52:21.114, 7796206518140, vstest.console.dll, ParallelProxyExecutionManager: HandlePartialRunComplete: Total completed clients = 1, Run complete = True, Run canceled: False.
TpTrace Verbose: 0 : 22124, 14, 2022/04/26, 14:52:21.147, 7796206846906, vstest.console.dll, TestRunRequest:TestRunComplete: Starting. IsAborted:False IsCanceled:False.
TpTrace Verbose: 0 : 22124, 14, 2022/04/26, 14:52:21.148, 7796206850334, vstest.console.dll, TestLoggerManager.HandleTestRunComplete: Ignoring as the object is disposed.
TpTrace Information: 0 : 22124, 14, 2022/04/26, 14:52:21.148, 7796206855995, vstest.console.dll, TestRunRequest:TestRunComplete: Completed.
TpTrace Verbose: 0 : 22124, 1, 2022/04/26, 14:52:21.148, 7796206856591, vstest.console.dll, TestRunRequest.Dispose: Starting.
TpTrace Verbose: 0 : 22124, 14, 2022/04/26, 14:52:21.148, 7796206857339, vstest.console.dll, TestRequestSender.SetOperationComplete: Setting operation complete.
TpTrace Information: 0 : 22124, 14, 2022/04/26, 14:52:21.148, 7796206858492, vstest.console.dll, SocketServer.Stop: Stop server endPoint: 127.0.0.1:13883
TpTrace Information: 0 : 22124, 1, 2022/04/26, 14:52:21.148, 7796206858015, vstest.console.dll, TestRunRequest.Dispose: Completed.
TpTrace Information: 0 : 22124, 14, 2022/04/26, 14:52:21.148, 7796206858940, vstest.console.dll, SocketServer.Stop: Cancellation requested. Stopping message loop.
TpTrace Information: 0 : 22124, 1, 2022/04/26, 14:52:21.149, 7796206859759, vstest.console.dll, TestRequestManager.RunTests: run tests completed.
TpTrace Information: 0 : 22124, 14, 2022/04/26, 14:52:21.149, 7796206860265, vstest.console.dll, SocketServer.PrivateStop: Stopping server endPoint: 127.0.0.1:13883 error: 
TpTrace Information: 0 : 22124, 1, 2022/04/26, 14:52:21.149, 7796206861342, vstest.console.dll, RunTestsArgumentProcessor:Execute: Test run is completed.
TpTrace Verbose: 0 : 22124, 1, 2022/04/26, 14:52:21.149, 7796206863495, vstest.console.dll, Executor.Execute: Exiting with exit code of 0
TpTrace Verbose: 0 : 22124, 14, 2022/04/26, 14:52:21.149, 7796206865388, vstest.console.dll, LengthPrefixCommunicationChannel.Dispose: Dispose reader and writer.
TpTrace Information: 0 : 22124, 14, 2022/04/26, 14:52:21.149, 7796206866395, vstest.console.dll, SocketServer.Stop: Raise disconnected event endPoint: 127.0.0.1:13883 error: 
TpTrace Verbose: 0 : 22124, 14, 2022/04/26, 14:52:21.149, 7796206867149, vstest.console.dll, TestRequestSender: OnTestRunAbort: Operation is already complete. Skip error message.
TpTrace Verbose: 0 : 22124, 14, 2022/04/26, 14:52:21.149, 7796206867551, vstest.console.dll, TcpClientExtensions.MessageLoopAsync: exiting MessageLoopAsync remoteEndPoint: 127.0.0.1:13884 localEndPoint: 127.0.0.1:13883
